#
# A fatal error has been detected by the Java Runtime Environment:
#
#  EXCEPTION_ACCESS_VIOLATION (0xc0000005) at pc=0x00007ff95ca1b309, pid=45816, tid=37348
#
# JRE version: OpenJDK Runtime Environment Temurin-21.0.6+7 (21.0.6+7) (build 21.0.6+7-LTS)
# Java VM: OpenJDK 64-Bit Server VM Temurin-21.0.6+7 (21.0.6+7-LTS, mixed mode, sharing, tiered, compressed oops, compressed class ptrs, g1 gc, windows-amd64)
# Problematic frame:
# C  [awt.dll+0xdb309]
#
# No core dump will be written. Minidumps are not enabled by default on client versions of Windows
#
# If you would like to submit a bug report, please visit:
#   https://github.com/adoptium/adoptium-support/issues
# The crash happened outside the Java Virtual Machine in native code.
# See problematic frame for where to report the bug.
#

---------------  S U M M A R Y ------------

Command Line: -ea -agentlib:jdwp=transport=dt_shmem,address=javadebug -Dfile.encoding=UTF-8 bluej.runtime.ExecServer UTF-8

Host: 13th Gen Intel(R) Core(TM) i7-1355U, 12 cores, 15G,  Windows 11 , 64 bit Build 26100 (10.0.26100.8115)
Time: Fri Apr 17 20:45:01 2026 GMT Daylight Time elapsed time: 108740.747474 seconds (1d 6h 12m 20s)

---------------  T H R E A D  ---------------

Current thread (0x0000015096dc2b50):  JavaThread "AWT-EventQueue-0"        [_thread_in_native, id=37348, stack(0x0000000c8ed00000,0x0000000c8ee00000) (1024K)]

Stack: [0x0000000c8ed00000,0x0000000c8ee00000],  sp=0x0000000c8edfea00,  free space=1018k
Native frames: (J=compiled Java code, j=interpreted, Vv=VM code, C=native code)
C  [awt.dll+0xdb309]

Java frames: (J=compiled Java code, j=interpreted, Vv=VM code)
j  sun.awt.Win32GraphicsConfig.getBounds(I)Ljava/awt/Rectangle;+0 java.desktop@21.0.6
j  sun.awt.Win32GraphicsConfig.getBounds()Ljava/awt/Rectangle;+8 java.desktop@21.0.6
j  sun.awt.Win32GraphicsDevice.displayChanged()V+23 java.desktop@21.0.6
j  sun.awt.Win32GraphicsEnvironment.displayChanged()V+271 java.desktop@21.0.6
j  sun.awt.windows.WToolkit.lambda$displayChanged$4()V+15 java.desktop@21.0.6
j  sun.awt.windows.WToolkit$$Lambda+0x00000150520d4ce8.run()V+0 java.desktop@21.0.6
j  java.awt.event.InvocationEvent.dispatch()V+47 java.desktop@21.0.6
j  java.awt.EventQueue.dispatchEventImpl(Ljava/awt/AWTEvent;Ljava/lang/Object;)V+21 java.desktop@21.0.6
j  java.awt.EventQueue$4.run()Ljava/lang/Void;+32 java.desktop@21.0.6
j  java.awt.EventQueue$4.run()Ljava/lang/Object;+1 java.desktop@21.0.6
J 2739 c1 java.security.AccessController.doPrivileged(Ljava/security/PrivilegedAction;Ljava/security/AccessControlContext;)Ljava/lang/Object; java.base@21.0.6 (17 bytes) @ 0x0000015039fbcf7c [0x0000015039fbcd80+0x00000000000001fc]
j  java.security.ProtectionDomain$JavaSecurityAccessImpl.doIntersectionPrivilege(Ljava/security/PrivilegedAction;Ljava/security/AccessControlContext;Ljava/security/AccessControlContext;)Ljava/lang/Object;+18 java.base@21.0.6
j  java.awt.EventQueue.dispatchEvent(Ljava/awt/AWTEvent;)V+46 java.desktop@21.0.6
j  java.awt.EventDispatchThread.pumpOneEventForFilters(I)V+81 java.desktop@21.0.6
j  java.awt.EventDispatchThread.pumpEventsForFilter(ILjava/awt/Conditional;Ljava/awt/EventFilter;)V+35 java.desktop@21.0.6
j  java.awt.EventDispatchThread.pumpEventsForHierarchy(ILjava/awt/Conditional;Ljava/awt/Component;)V+11 java.desktop@21.0.6
j  java.awt.EventDispatchThread.pumpEvents(ILjava/awt/Conditional;)V+4 java.desktop@21.0.6
j  java.awt.EventDispatchThread.pumpEvents(Ljava/awt/Conditional;)V+3 java.desktop@21.0.6
j  java.awt.EventDispatchThread.run()V+9 java.desktop@21.0.6
v  ~StubRoutines::call_stub 0x0000015040fc100d

siginfo: EXCEPTION_ACCESS_VIOLATION (0xc0000005), reading address 0x0000000000000028


Registers:
RAX=0x0000000000000000, RBX=0x0000015097871630, RCX=0x0000000000000000, RDX=0x0000000000000000
RSP=0x0000000c8edfea00, RBP=0x0000000000000000, RSI=0x0000000000000000, RDI=0x0000000000000000
R8 =0x0000000000000001, R9 =0x0000000c8e948000, R10=0x0000015097871cb0, R11=0x0000015092de4998
R12=0x0000000000000000, R13=0x000001509d91b6f0, R14=0x0000015096ff1200, R15=0x0000000000000000
RIP=0x00007ff95ca1b309, EFLAGS=0x0000000000010246

XMM[0]=0x0000000000000000 0x0000000000000000
XMM[1]=0x0000000000000000 0x0000000c8edfead0
XMM[2]=0x0000000000000000 0x0000000000000000
XMM[3]=0x0000000000000000 0x0000000000000000
XMM[4]=0x0000000000000000 0x0000000000000000
XMM[5]=0x0000015096dc2b50 0x0000000000000001
XMM[6]=0x0000000000000000 0x0000000000000000
XMM[7]=0x0000000000000000 0x0000000000000000
XMM[8]=0x0000000000000000 0x0000000000000000
XMM[9]=0x0000000000000000 0x0000000000000000
XMM[10]=0x0000000000000000 0x0000000000000000
XMM[11]=0x0000000000000000 0x0000000000000000
XMM[12]=0x0000000000000000 0x0000000000000000
XMM[13]=0x0000000000000000 0x0000000000000000
XMM[14]=0x0000000000000000 0x0000000000000000
XMM[15]=0x0000000000000000 0x0000000000000000
  MXCSR=0x00001fa0


Register to memory mapping:

RAX=0x0 is null
RBX=0x0000015097871630 points into unknown readable memory: 0x000001509da41a30 | 30 1a a4 9d 50 01 00 00
RCX=0x0 is null
RDX=0x0 is null
RSP=0x0000000c8edfea00 is pointing into the stack for thread: 0x0000015096dc2b50
RBP=0x0 is null
RSI=0x0 is null
RDI=0x0 is null
R8 =0x0000000000000001 is an unknown value
R9 =0x0000000c8e948000 points into unknown readable memory: 0x0000000000000000 | 00 00 00 00 00 00 00 00
R10=0x0000015097871cb0 points into unknown readable memory: 0x0000001e00000003 | 03 00 00 00 1e 00 00 00
R11={method} {0x0000015092de49a0} '<init>' '(IIII)V' in 'java/awt/Rectangle'
R12=0x0 is null
R13=0x000001509d91b6f0 points into unknown readable memory: 0x0000015092de4998 | 98 49 de 92 50 01 00 00
R14=0x0000015096ff1200 points into unknown readable memory: 0x000000071091ab68 | 68 ab 91 10 07 00 00 00
R15=0x0 is null

Top of Stack: (sp=0x0000000c8edfea00)
0x0000000c8edfea00:   00007ff95ca7a848 0000015097871630
0x0000000c8edfea10:   0000015096dc2f08 0000015097871630
0x0000000c8edfea20:   0000015096dc2f08 00007ff95ca1a698
0x0000000c8edfea30:   0000015097871630 0000015097871630
0x0000000c8edfea40:   000000006800fb29 0000015096dc2f08
0x0000000c8edfea50:   000000071091b580 0000015092dd5520
0x0000000c8edfea60:   0000000000000000 0000000c8edfea80
0x0000000c8edfea70:   0000000000000000 0000000000000000
0x0000000c8edfea80:   0000cecaed4b3136 000000071094c5e0
0x0000000c8edfea90:   0000015096dc2b50 0000000c8edfeb78
0x0000000c8edfeaa0:   0000015092de06b0 0000000000000000
0x0000000c8edfeab0:   00000000000002b8 000000006800fb29
0x0000000c8edfeac0:   0000000c8edfeb50 0000015040fd07b6
0x0000000c8edfead0:   0000000c8edfeae8 0000015092de06b0
0x0000000c8edfeae0:   0000015040fc91b4 0000000000000000
0x0000000c8edfeaf0:   000000071094c5e0 0000000712dabe98
0x0000000c8edfeb00:   0000000712dabe98 0000000c8edfeb08
0x0000000c8edfeb10:   0000000000000000 0000000000000005
0x0000000c8edfeb20:   0000015092de2ac8 0000000000000000
0x0000000c8edfeb30:   000000071091a958 0000015092de06b0
0x0000000c8edfeb40:   0000000000000000 0000000c8edfeb70
0x0000000c8edfeb50:   0000000c8edfebc8 0000015040fc96b9
0x0000000c8edfeb60:   0000000000000000 0000015040fcc6fa
0x0000000c8edfeb70:   0000000000000000 0000000712dabe98
0x0000000c8edfeb80:   0000000c8edfeb80 0000015092de0758
0x0000000c8edfeb90:   0000000000000002 0000015092de2ac8
0x0000000c8edfeba0:   0000000000000000 000000071091a958
0x0000000c8edfebb0:   0000015092de0770 0000000c8edfeb70
0x0000000c8edfebc0:   0000000c8edfebd8 0000000c8edfec28
0x0000000c8edfebd0:   0000015040fc96b9 0000000712dabe98
0x0000000c8edfebe0:   0000000c8edfebe0 0000015092dd5377
0x0000000c8edfebf0:   0000000000000003 0000015092dd6490 

Instructions: (pc=0x00007ff95ca1b309)
0x00007ff95ca1b209:   cc cc cc cc cc cc cc 48 89 5c 24 08 48 89 6c 24
0x00007ff95ca1b219:   10 48 89 74 24 18 57 48 83 ec 20 41 8b f8 0f b6
0x00007ff95ca1b229:   f2 48 8b e9 e8 1e cb f4 ff 48 8b d8 48 89 44 24
0x00007ff95ca1b239:   48 41 b8 01 00 00 00 8b d7 48 8b c8 e8 76 ca f4
0x00007ff95ca1b249:   ff 48 8b c8 44 0f b6 c6 48 8b d5 e8 97 fa ff ff
0x00007ff95ca1b259:   48 8b f8 48 8b cb e8 ac cc f4 ff 90 48 8b c7 48
0x00007ff95ca1b269:   8b 5c 24 30 48 8b 6c 24 38 48 8b 74 24 40 48 83
0x00007ff95ca1b279:   c4 20 5f c3 cc cc cc 48 8b 49 28 e9 37 07 00 00
0x00007ff95ca1b289:   cc cc cc cc cc cc cc 48 89 5c 24 08 57 48 83 ec
0x00007ff95ca1b299:   20 8b f9 e8 af ca f4 ff 48 8b d8 48 89 44 24 38
0x00007ff95ca1b2a9:   41 b8 01 00 00 00 8b d7 48 8b c8 e8 07 ca f4 ff
0x00007ff95ca1b2b9:   48 8b 08 8b 39 48 8b cb e8 4a cc f4 ff 90 8b c7
0x00007ff95ca1b2c9:   48 8b 5c 24 30 48 83 c4 20 5f c3 cc cc cc cc cc
0x00007ff95ca1b2d9:   cc cc cc cc cc cc cc 48 89 5c 24 08 57 48 83 ec
0x00007ff95ca1b2e9:   20 8b f9 e8 5f ca f4 ff 48 8b d8 48 89 44 24 38
0x00007ff95ca1b2f9:   41 b8 01 00 00 00 8b d7 48 8b c8 e8 b7 c9 f4 ff
0x00007ff95ca1b309:   48 8b 78 28 48 8b cb e8 fb cb f4 ff 90 48 8b c7
0x00007ff95ca1b319:   48 8b 5c 24 30 48 83 c4 20 5f c3 cc cc cc cc cc
0x00007ff95ca1b329:   cc cc cc cc cc cc cc 48 89 5c 24 08 57 48 83 ec
0x00007ff95ca1b339:   20 8b f9 e8 0f ca f4 ff 48 8b d8 48 89 44 24 38
0x00007ff95ca1b349:   41 b8 01 00 00 00 8b d7 48 8b c8 e8 67 c9 f4 ff
0x00007ff95ca1b359:   48 8b 78 30 48 8b cb e8 ab cb f4 ff 90 48 8b c7
0x00007ff95ca1b369:   48 8b 5c 24 30 48 83 c4 20 5f c3 cc cc cc cc cc
0x00007ff95ca1b379:   cc cc cc cc cc cc cc 48 89 5c 24 08 57 48 83 ec
0x00007ff95ca1b389:   20 8b f9 e8 bf c9 f4 ff 48 8b d8 48 89 44 24 38
0x00007ff95ca1b399:   41 b8 01 00 00 00 8b d7 48 8b c8 e8 17 c9 f4 ff
0x00007ff95ca1b3a9:   48 8b 78 08 48 85 ff 74 07 48 8b bf 08 0c 00 00
0x00007ff95ca1b3b9:   48 8b cb e8 4f cb f4 ff 90 48 8b c7 48 8b 5c 24
0x00007ff95ca1b3c9:   30 48 83 c4 20 5f c3 f3 0f 10 41 48 c3 cc cc cc
0x00007ff95ca1b3d9:   cc cc cc cc cc cc cc f3 0f 10 41 4c c3 cc cc cc
0x00007ff95ca1b3e9:   cc cc cc cc cc cc cc 48 89 5c 24 10 48 89 6c 24
0x00007ff95ca1b3f9:   18 48 89 74 24 20 57 48 81 ec 20 01 00 00 48 8b 


Stack slot to memory mapping:

stack at sp + 0 slots: 0x00007ff95ca7a848 awt.dll
stack at sp + 1 slots: 0x0000015097871630 points into unknown readable memory: 0x000001509da41a30 | 30 1a a4 9d 50 01 00 00
stack at sp + 2 slots: 0x0000015096dc2f08 points into unknown readable memory: 0x00007ff957d2b7b0 | b0 b7 d2 57 f9 7f 00 00
stack at sp + 3 slots: 0x0000015097871630 points into unknown readable memory: 0x000001509da41a30 | 30 1a a4 9d 50 01 00 00
stack at sp + 4 slots: 0x0000015096dc2f08 points into unknown readable memory: 0x00007ff957d2b7b0 | b0 b7 d2 57 f9 7f 00 00
stack at sp + 5 slots: 0x00007ff95ca1a698 awt.dll
stack at sp + 6 slots: 0x0000015097871630 points into unknown readable memory: 0x000001509da41a30 | 30 1a a4 9d 50 01 00 00
stack at sp + 7 slots: 0x0000015097871630 points into unknown readable memory: 0x000001509da41a30 | 30 1a a4 9d 50 01 00 00


Compiled method (c1) 108740950 2739       3       java.security.AccessController::doPrivileged (17 bytes)
 total in heap  [0x0000015039fbcb90,0x0000015039fbd320] = 1936
 relocation     [0x0000015039fbccf0,0x0000015039fbcd80] = 144
 main code      [0x0000015039fbcd80,0x0000015039fbd0f0] = 880
 stub code      [0x0000015039fbd0f0,0x0000015039fbd168] = 120
 metadata       [0x0000015039fbd168,0x0000015039fbd180] = 24
 scopes data    [0x0000015039fbd180,0x0000015039fbd258] = 216
 scopes pcs     [0x0000015039fbd258,0x0000015039fbd308] = 176
 dependencies   [0x0000015039fbd308,0x0000015039fbd310] = 8
 nul chk table  [0x0000015039fbd310,0x0000015039fbd320] = 16

[Constant Pool (empty)]

[MachCode]
[Verified Entry Point]
  # {method} {0x000001505146cc58} 'doPrivileged' '(Ljava/security/PrivilegedAction;Ljava/security/AccessControlContext;)Ljava/lang/Object;' in 'java/security/AccessController'
  # parm0:    rdx:rdx   = 'java/security/PrivilegedAction'
  # parm1:    r8:r8     = 'java/security/AccessControlContext'
  #           [sp+0x80]  (sp of caller)
  0x0000015039fbcd80: 8984 2400 | 80ff ff55 | 4883 ec70 | 4181 7f20 | 0100 0000 

  0x0000015039fbcd94: ;   {runtime_call StubRoutines (final stubs)}
  0x0000015039fbcd94: 7405 e8c5 | 7f03 0748 | 8954 2448 

  0x0000015039fbcda0: ;   {metadata(method data for {method} {0x000001505146cc58} 'doPrivileged' '(Ljava/security/PrivilegedAction;Ljava/security/AccessControlContext;)Ljava/lang/Object;' in 'java/security/AccessController')}
  0x0000015039fbcda0: 48be f87c | d992 5001 | 0000 8bbe | cc00 0000 | 83c7 0289 | becc 0000 | 0081 e7fe | 0700 0085 
  0x0000015039fbcdc0: ff0f 8461 | 0200 004c | 8944 2440 

  0x0000015039fbcdcc: ;   {metadata(method data for {method} {0x000001505146cc58} 'doPrivileged' '(Ljava/security/PrivilegedAction;Ljava/security/AccessControlContext;)Ljava/lang/Object;' in 'java/security/AccessController')}
  0x0000015039fbcdcc: 48be f87c | d992 5001 | 0000 4883 | 8610 0100 

  0x0000015039fbcddc: ;   {static_call}
  0x0000015039fbcddc: 0001 90e8 

  0x0000015039fbcde0: ; ImmutableOopMap {[64]=Oop [72]=Oop }
                      ;*invokestatic getCallerClass {reexecute=0 rethrow=0 return_oop=0}
                      ; - java.security.AccessController::doPrivileged@0 (line 398)
  0x0000015039fbcde0: 7cf7 5b07 

  0x0000015039fbcde4: ;   {other}
  0x0000015039fbcde4: 0f1f 8400 | 5402 0000 

  0x0000015039fbcdec: ;   {metadata(method data for {method} {0x000001505146cc58} 'doPrivileged' '(Ljava/security/PrivilegedAction;Ljava/security/AccessControlContext;)Ljava/lang/Object;' in 'java/security/AccessController')}
  0x0000015039fbcdec: 48ba f87c | d992 5001 | 0000 4883 | 8220 0100 | 0001 488b | 5424 404c | 8bc0 4889 | 4424 500f 
  0x0000015039fbce0c: ;   {static_call}
  0x0000015039fbce0c: 1f40 00e8 

  0x0000015039fbce10: ; ImmutableOopMap {[64]=Oop [72]=Oop [80]=Oop }
                      ;*invokestatic checkContext {reexecute=0 rethrow=0 return_oop=0}
                      ; - java.security.AccessController::doPrivileged@6 (line 399)
  0x0000015039fbce10: 2c3e feff 

  0x0000015039fbce14: ;   {other}
  0x0000015039fbce14: 0f1f 8400 | 8402 0001 

  0x0000015039fbce1c: ;   {metadata(method data for {method} {0x000001505146cc58} 'doPrivileged' '(Ljava/security/PrivilegedAction;Ljava/security/AccessControlContext;)Ljava/lang/Object;' in 'java/security/AccessController')}
  0x0000015039fbce1c: 48ba f87c | d992 5001 | 0000 4883 | 8230 0100 

  0x0000015039fbce2c: ;   {metadata(method data for {method} {0x000001505146cee0} 'executePrivileged' '(Ljava/security/PrivilegedAction;Ljava/security/AccessControlContext;Ljava/lang/Class;)Ljava/lang/Object;' in 'java/security/AccessController')}
  0x0000015039fbce2c: 0001 48ba | 605e 1592 | 5001 0000 | 8bb2 cc00 | 0000 83c6 | 0289 b2cc | 0000 0081 | e6fe ff1f 
  0x0000015039fbce4c: 0085 f60f | 84f4 0100 | 0048 85c0 

  0x0000015039fbce58: ;   {metadata(method data for {method} {0x000001505146cee0} 'executePrivileged' '(Ljava/security/PrivilegedAction;Ljava/security/AccessControlContext;Ljava/lang/Class;)Ljava/lang/Object;' in 'java/security/AccessController')}
  0x0000015039fbce58: 48ba 605e | 1592 5001 | 0000 48c7 | c620 0100 | 0075 0748 | c7c6 1001 | 0000 488b | 3c32 488d 
  0x0000015039fbce78: 7f01 4889 | 3c32 0f85 | 0a00 0000 | 4889 4424 | 58e9 2e00 

  0x0000015039fbce8c: ;   {metadata(method data for {method} {0x000001505146cee0} 'executePrivileged' '(Ljava/security/PrivilegedAction;Ljava/security/AccessControlContext;Ljava/lang/Class;)Ljava/lang/Object;' in 'java/security/AccessController')}
  0x0000015039fbce8c: 0000 48ba | 605e 1592 | 5001 0000 | 4883 8230 | 0100 0001 | 488b d048 | 8944 2458 | 0f1f 8000 
  0x0000015039fbceac: ;   {static_call}
  0x0000015039fbceac: 0000 00e8 

  0x0000015039fbceb0: ; ImmutableOopMap {[72]=Oop [80]=Oop [88]=Oop }
                      ;*invokestatic ensureMaterializedForStackWalk {reexecute=0 rethrow=0 return_oop=0}
                      ; - java.security.AccessController::executePrivileged@5 (line 774)
                      ; - java.security.AccessController::doPrivileged@13 (line 400)
  0x0000015039fbceb0: 2c0c 6f07 

  0x0000015039fbceb4: ;   {other}
  0x0000015039fbceb4: 0f1f 8400 | 2403 0002 

  0x0000015039fbcebc: ;   {metadata(method data for {method} {0x000001505146cee0} 'executePrivileged' '(Ljava/security/PrivilegedAction;Ljava/security/AccessControlContext;Ljava/lang/Class;)Ljava/lang/Object;' in 'java/security/AccessController')}
  0x0000015039fbcebc: 48ba 605e | 1592 5001 | 0000 ff82 | 4001 0000 | 488b 5424 | 4848 3b02 

  0x0000015039fbced4: ;   {metadata(method data for {method} {0x000001505146cee0} 'executePrivileged' '(Ljava/security/PrivilegedAction;Ljava/security/AccessControlContext;Ljava/lang/Class;)Ljava/lang/Object;' in 'java/security/AccessController')}
  0x0000015039fbced4: 488b f248 | bf60 5e15 | 9250 0100 | 008b 7608 | 49ba 0000 | 0051 5001 | 0000 4903 | f248 3bb7 
  0x0000015039fbcef4: b001 0000 | 750d 4883 | 87b8 0100 | 0001 e960 | 0000 0048 | 3bb7 c001 | 0000 750d | 4883 87c8 
  0x0000015039fbcf14: 0100 0001 | e94a 0000 | 0048 83bf | b001 0000 | 0075 1748 | 89b7 b001 | 0000 48c7 | 87b8 0100 
  0x0000015039fbcf34: 0001 0000 | 00e9 2900 | 0000 4883 | bfc0 0100 | 0000 7517 | 4889 b7c0 | 0100 0048 | c787 c801 
  0x0000015039fbcf54: 0000 0100 | 0000 e908 | 0000 0048 | 8387 a001 | 0000 0148 | 8bf2 488b | d648 b860 | d50f 9d50 
  0x0000015039fbcf74: ;   {virtual_call}
  0x0000015039fbcf74: 0100 00e8 

  0x0000015039fbcf78: ; ImmutableOopMap {[72]=Oop [80]=Oop [88]=Oop }
                      ;*invokeinterface run {reexecute=0 rethrow=0 return_oop=0}
                      ; - java.security.AccessController::executePrivileged@29 (line 778)
                      ; - java.security.AccessController::doPrivileged@13 (line 400)
  0x0000015039fbcf78: 942a 1307 

  0x0000015039fbcf7c: ;   {other}
  0x0000015039fbcf7c: 0f1f 8400 | ec03 0003 

  0x0000015039fbcf84: ;   {metadata(method data for {method} {0x000001505146cee0} 'executePrivileged' '(Ljava/security/PrivilegedAction;Ljava/security/AccessControlContext;Ljava/lang/Class;)Ljava/lang/Object;' in 'java/security/AccessController')}
  0x0000015039fbcf84: 48be 605e | 1592 5001 | 0000 ff86 | d801 0000 | 488b 7424 | 5848 8b7c | 2450 488b 

  0x0000015039fbcfa0: ;   {metadata(method data for {method} {0x000001505146cee0} 'executePrivileged' '(Ljava/security/PrivilegedAction;Ljava/security/AccessControlContext;Ljava/lang/Class;)Ljava/lang/Object;' in 'java/security/AccessController')}
  0x0000015039fbcfa0: 5424 4848 | bb60 5e15 | 9250 0100 | 0048 8383 | 3802 0000 

  0x0000015039fbcfb4: ;   {metadata(method data for {method} {0x000001505103d050} 'reachabilityFence' '(Ljava/lang/Object;)V' in 'java/lang/ref/Reference')}
  0x0000015039fbcfb4: 0148 bbc8 | 5a03 9250 | 0100 008b | 8bcc 0000 | 0083 c102 | 898b cc00 | 0000 81e1 | feff 1f00 
  0x0000015039fbcfd4: 85c9 0f84 | 9300 0000 

  0x0000015039fbcfdc: ;   {metadata(method data for {method} {0x000001505146cee0} 'executePrivileged' '(Ljava/security/PrivilegedAction;Ljava/security/AccessControlContext;Ljava/lang/Class;)Ljava/lang/Object;' in 'java/security/AccessController')}
  0x0000015039fbcfdc: 48bb 605e | 1592 5001 | 0000 4883 | 8348 0200 

  0x0000015039fbcfec: ;   {metadata(method data for {method} {0x000001505103d050} 'reachabilityFence' '(Ljava/lang/Object;)V' in 'java/lang/ref/Reference')}
  0x0000015039fbcfec: 0001 48bb | c85a 0392 | 5001 0000 | 8b8b cc00 | 0000 83c1 | 0289 8bcc | 0000 0081 | e1fe ff1f 
  0x0000015039fbd00c: 0085 c90f | 847b 0000 | 0048 83c4 

  0x0000015039fbd018: ;   {poll_return}
  0x0000015039fbd018: 705d 493b | a748 0400 | 000f 878a | 0000 00c3 

  0x0000015039fbd028: ;   {metadata({method} {0x000001505146cc58} 'doPrivileged' '(Ljava/security/PrivilegedAction;Ljava/security/AccessControlContext;)Ljava/lang/Object;' in 'java/security/AccessController')}
  0x0000015039fbd028: 49ba 50cc | 4651 5001 | 0000 4c89 | 5424 0848 | c704 24ff 

  0x0000015039fbd03c: ;   {runtime_call counter_overflow Runtime1 stub}
  0x0000015039fbd03c: ffff ffe8 

  0x0000015039fbd040: ; ImmutableOopMap {rdx=Oop r8=Oop [72]=Oop }
                      ;*synchronization entry
                      ; - java.security.AccessController::doPrivileged@-1 (line 398)
  0x0000015039fbd040: bcd0 1207 | e97e fdff 

  0x0000015039fbd048: ;   {metadata({method} {0x000001505146cee0} 'executePrivileged' '(Ljava/security/PrivilegedAction;Ljava/security/AccessControlContext;Ljava/lang/Class;)Ljava/lang/Object;' in 'java/security/AccessController')}
  0x0000015039fbd048: ff49 bad8 | ce46 5150 | 0100 004c | 8954 2408 | 48c7 0424 | ffff ffff 

  0x0000015039fbd060: ;   {runtime_call counter_overflow Runtime1 stub}
  0x0000015039fbd060: e89b d012 

  0x0000015039fbd064: ; ImmutableOopMap {rax=Oop [72]=Oop [80]=Oop }
                      ;*synchronization entry
                      ; - java.security.AccessController::executePrivileged@-1 (line 773)
                      ; - java.security.AccessController::doPrivileged@13 (line 400)
  0x0000015039fbd064: 07e9 ebfd 

  0x0000015039fbd068: ;   {runtime_call throw_null_pointer_exception Runtime1 stub}
  0x0000015039fbd068: ffff e891 

  0x0000015039fbd06c: ; ImmutableOopMap {rdx=Oop [72]=Oop [80]=Oop [88]=Oop }
                      ;*invokeinterface run {reexecute=0 rethrow=0 return_oop=0}
                      ; - java.security.AccessController::executePrivileged@29 (line 778)
                      ; - java.security.AccessController::doPrivileged@13 (line 400)
                      ;   {metadata({method} {0x000001505103d050} 'reachabilityFence' '(Ljava/lang/Object;)V' in 'java/lang/ref/Reference')}
  0x0000015039fbd06c: 7012 0749 | ba48 d003 | 5150 0100 | 004c 8954 | 2408 48c7 | 0424 ffff 

  0x0000015039fbd084: ;   {runtime_call counter_overflow Runtime1 stub}
  0x0000015039fbd084: ffff e875 

  0x0000015039fbd088: ; ImmutableOopMap {rax=Oop rdx=Oop rdi=Oop rsi=Oop [72]=Oop }
                      ;*synchronization entry
                      ; - java.lang.ref.Reference::reachabilityFence@-1 (line 628)
                      ; - java.security.AccessController::executePrivileged@56 (line 783)
                      ; - java.security.AccessController::doPrivileged@13 (line 400)
  0x0000015039fbd088: d012 07e9 | 4cff ffff 

  0x0000015039fbd090: ;   {metadata({method} {0x000001505103d050} 'reachabilityFence' '(Ljava/lang/Object;)V' in 'java/lang/ref/Reference')}
  0x0000015039fbd090: 49ba 48d0 | 0351 5001 | 0000 4c89 | 5424 0848 | c704 24ff 

  0x0000015039fbd0a4: ;   {runtime_call counter_overflow Runtime1 stub}
  0x0000015039fbd0a4: ffff ffe8 

  0x0000015039fbd0a8: ; ImmutableOopMap {rax=Oop rdx=Oop rdi=Oop rsi=Oop [72]=Oop }
                      ;*synchronization entry
                      ; - java.lang.ref.Reference::reachabilityFence@-1 (line 628)
                      ; - java.security.AccessController::executePrivileged@60 (line 784)
                      ; - java.security.AccessController::doPrivileged@13 (line 400)
  0x0000015039fbd0a8: 54d0 1207 | e964 ffff 

  0x0000015039fbd0b0: ;   {internal_word}
  0x0000015039fbd0b0: ff49 ba1a | d0fb 3950 | 0100 004d | 8997 6004 

  0x0000015039fbd0c0: ;   {runtime_call SafepointBlob}
  0x0000015039fbd0c0: 0000 e939 | 8605 0749 | 8b87 f804 | 0000 49c7 | 87f8 0400 | 0000 0000 | 0049 c787 | 0005 0000 
  0x0000015039fbd0e0: 0000 0000 | 4883 c470 

  0x0000015039fbd0e8: ;   {runtime_call unwind_exception Runtime1 stub}
  0x0000015039fbd0e8: 5de9 925c | 1207 f4f4 
[Stub Code]
  0x0000015039fbd0f0: ;   {no_reloc}
  0x0000015039fbd0f0: 0f1f 4400 

  0x0000015039fbd0f4: ;   {static_stub}
  0x0000015039fbd0f4: 0048 bb00 | 0000 0000 

  0x0000015039fbd0fc: ;   {runtime_call nmethod}
  0x0000015039fbd0fc: 0000 00e9 | fbff ffff 

  0x0000015039fbd104: ;   {static_stub}
  0x0000015039fbd104: 48bb 0000 | 0000 0000 

  0x0000015039fbd10c: ;   {runtime_call nmethod}
  0x0000015039fbd10c: 0000 e9fb 

  0x0000015039fbd110: ;   {static_stub}
  0x0000015039fbd110: ffff ff48 | bb00 0000 | 0000 0000 

  0x0000015039fbd11c: ;   {runtime_call nmethod}
  0x0000015039fbd11c: 00e9 fbff 

  0x0000015039fbd120: ;   {static_stub}
  0x0000015039fbd120: ffff 48bb | 0000 0000 | 0000 0000 

  0x0000015039fbd12c: ;   {runtime_call nmethod}
  0x0000015039fbd12c: e9fb ffff 

  0x0000015039fbd130: ;   {runtime_call handle_exception_from_callee Runtime1 stub}
  0x0000015039fbd130: ffe8 ca9c 

  0x0000015039fbd134: ;   {external_word}
  0x0000015039fbd134: 1207 48b9 | 907f af57 | f97f 0000 | 4883 e4f0 

  0x0000015039fbd144: ;   {runtime_call}
  0x0000015039fbd144: 48b8 f042 | 7257 f97f | 0000 ffd0 

  0x0000015039fbd150: ;   {section_word}
  0x0000015039fbd150: f449 ba51 | d1fb 3950 | 0100 0041 

  0x0000015039fbd15c: ;   {runtime_call DeoptimizationBlob}
  0x0000015039fbd15c: 52e9 3e78 | 0507 f4f4 | f4f4 f4f4 
[/MachCode]


---------------  P R O C E S S  ---------------

Threads class SMR info:
_java_thread_list=0x0000015097608470, length=24, elements={
0x0000015050b012e0, 0x0000015050b03d40, 0x0000015050b07940, 0x0000015050b08d30,
0x0000015050b09f20, 0x0000015050b0ae00, 0x0000015050b10740, 0x0000015050b15280,
0x0000015050c6deb0, 0x0000015050c71200, 0x0000015050ca7150, 0x0000015050c71c80,
0x0000015050c722e0, 0x000001509619a330, 0x00000150961a0c10, 0x00000150961b33f0,
0x000001502ef37730, 0x0000015096dc4590, 0x0000015096dc17a0, 0x0000015096dc1e30,
0x0000015096dc24c0, 0x0000015096dc31e0, 0x0000015096dc3870, 0x0000015096dc2b50
}

Java Threads: ( => current thread )
  0x0000015050b012e0 JavaThread "Reference Handler"          daemon [_thread_blocked, id=27364, stack(0x0000000c8f600000,0x0000000c8f700000) (1024K)]
  0x0000015050b03d40 JavaThread "Finalizer"                  daemon [_thread_blocked, id=27320, stack(0x0000000c8f700000,0x0000000c8f800000) (1024K)]
  0x0000015050b07940 JavaThread "Signal Dispatcher"          daemon [_thread_blocked, id=44688, stack(0x0000000c8f800000,0x0000000c8f900000) (1024K)]
  0x0000015050b08d30 JavaThread "Attach Listener"            daemon [_thread_blocked, id=35660, stack(0x0000000c8f900000,0x0000000c8fa00000) (1024K)]
  0x0000015050b09f20 JavaThread "Service Thread"             daemon [_thread_blocked, id=36724, stack(0x0000000c8fa00000,0x0000000c8fb00000) (1024K)]
  0x0000015050b0ae00 JavaThread "Monitor Deflation Thread"   daemon [_thread_blocked, id=10640, stack(0x0000000c8fb00000,0x0000000c8fc00000) (1024K)]
  0x0000015050b10740 JavaThread "C2 CompilerThread0"         daemon [_thread_blocked, id=8204, stack(0x0000000c8fc00000,0x0000000c8fd00000) (1024K)]
  0x0000015050b15280 JavaThread "C1 CompilerThread0"         daemon [_thread_blocked, id=39892, stack(0x0000000c8fd00000,0x0000000c8fe00000) (1024K)]
  0x0000015050c6deb0 JavaThread "JDWP Transport Listener: dt_shmem" daemon [_thread_blocked, id=44256, stack(0x0000000c8fe00000,0x0000000c8ff00000) (1024K)]
  0x0000015050c71200 JavaThread "JDWP Event Helper Thread"   daemon [_thread_blocked, id=4104, stack(0x0000000c8ff00000,0x0000000c90000000) (1024K)]
  0x0000015050ca7150 JavaThread "JDWP Command Reader"        daemon [_thread_in_native, id=40392, stack(0x0000000c90000000,0x0000000c90100000) (1024K)]
  0x0000015050c71c80 JavaThread "Notification Thread"        daemon [_thread_blocked, id=7244, stack(0x0000000c90100000,0x0000000c90200000) (1024K)]
  0x0000015050c722e0 JavaThread "Common-Cleaner"             daemon [_thread_blocked, id=25436, stack(0x0000000c90200000,0x0000000c90300000) (1024K)]
  0x000001509619a330 JavaThread "Java2D Disposer"            daemon [_thread_blocked, id=19636, stack(0x0000000c90300000,0x0000000c90400000) (1024K)]
  0x00000150961a0c10 JavaThread "AWT-Windows"                daemon [_thread_in_native, id=45776, stack(0x0000000c90500000,0x0000000c90600000) (1024K)]
  0x00000150961b33f0 JavaThread "BlueJ worker thread"               [_thread_blocked, id=40864, stack(0x0000000c90700000,0x0000000c90800000) (1024K)]
  0x000001502ef37730 JavaThread "DestroyJavaVM"                     [_thread_blocked, id=43972, stack(0x0000000c8ee00000,0x0000000c8ef00000) (1024K)]
  0x0000015096dc4590 JavaThread "InvokeLaterDispatcher"      daemon [_thread_blocked, id=38976, stack(0x0000000c90400000,0x0000000c90500000) (1024K)]
  0x0000015096dc17a0 JavaThread "Thread-2"                   daemon [_thread_in_native, id=44452, stack(0x0000000c91b00000,0x0000000c91c00000) (1024K)]
  0x0000015096dc1e30 JavaThread "Prism Font Disposer"        daemon [_thread_blocked, id=10164, stack(0x0000000c92800000,0x0000000c92900000) (1024K)]
  0x0000015096dc24c0 JavaThread "Cleaner-0"                  daemon [_thread_blocked, id=41184, stack(0x0000000c92900000,0x0000000c92a00000) (1024K)]
  0x0000015096dc31e0 JavaThread "main"                              [_thread_blocked, id=39576, stack(0x0000000c8eb00000,0x0000000c8ec00000) (1024K)]
  0x0000015096dc3870 JavaThread "AWT-Shutdown"                      [_thread_blocked, id=7352, stack(0x0000000c8ec00000,0x0000000c8ed00000) (1024K)]
=>0x0000015096dc2b50 JavaThread "AWT-EventQueue-0"                  [_thread_in_native, id=37348, stack(0x0000000c8ed00000,0x0000000c8ee00000) (1024K)]
Total: 24

Other Threads:
  0x0000015050ae1020 VMThread "VM Thread"                           [id=8304, stack(0x0000000c8f500000,0x0000000c8f600000) (1024K)]
  0x0000015050ace380 WatcherThread "VM Periodic Task Thread"        [id=30120, stack(0x0000000c8f400000,0x0000000c8f500000) (1024K)]
  0x000001503140f6a0 WorkerThread "GC Thread#0"                     [id=44260, stack(0x0000000c8ef00000,0x0000000c8f000000) (1024K)]
  0x000001509750f190 WorkerThread "GC Thread#1"                     [id=40900, stack(0x0000000c91c00000,0x0000000c91d00000) (1024K)]
  0x000001509750f530 WorkerThread "GC Thread#2"                     [id=4964, stack(0x0000000c91d00000,0x0000000c91e00000) (1024K)]
  0x000001509750f8d0 WorkerThread "GC Thread#3"                     [id=39476, stack(0x0000000c91e00000,0x0000000c91f00000) (1024K)]
  0x000001509752d370 WorkerThread "GC Thread#4"                     [id=20608, stack(0x0000000c91f00000,0x0000000c92000000) (1024K)]
  0x000001509752dab0 WorkerThread "GC Thread#5"                     [id=10432, stack(0x0000000c92000000,0x0000000c92100000) (1024K)]
  0x000001509752d710 WorkerThread "GC Thread#6"                     [id=20220, stack(0x0000000c92100000,0x0000000c92200000) (1024K)]
  0x000001509752de50 WorkerThread "GC Thread#7"                     [id=18476, stack(0x0000000c92200000,0x0000000c92300000) (1024K)]
  0x000001509752e1f0 WorkerThread "GC Thread#8"                     [id=44552, stack(0x0000000c92300000,0x0000000c92400000) (1024K)]
  0x000001509752e590 WorkerThread "GC Thread#9"                     [id=45948, stack(0x0000000c92400000,0x0000000c92500000) (1024K)]
  0x00000150314219b0 ConcurrentGCThread "G1 Main Marker"            [id=45672, stack(0x0000000c8f000000,0x0000000c8f100000) (1024K)]
  0x0000015031423330 WorkerThread "G1 Conc#0"                       [id=31116, stack(0x0000000c8f100000,0x0000000c8f200000) (1024K)]
  0x00000150509995d0 ConcurrentGCThread "G1 Refine#0"               [id=36824, stack(0x0000000c8f200000,0x0000000c8f300000) (1024K)]
  0x0000015050999ef0 ConcurrentGCThread "G1 Service"                [id=36180, stack(0x0000000c8f300000,0x0000000c8f400000) (1024K)]
Total: 16

Threads with active compile tasks:
Total: 0

VM state: not at safepoint (normal execution)

VM Mutex/Monitor currently owned by a thread: None

Heap address: 0x0000000704e00000, size: 4018 MB, Compressed Oops mode: Zero based, Oop shift amount: 3

CDS archive(s) mapped at: [0x0000015051000000-0x0000015051c80000-0x0000015051c80000), size 13107200, SharedBaseAddress: 0x0000015051000000, ArchiveRelocationMode: 1.
Compressed class space mapped at: 0x0000015052000000-0x0000015092000000, reserved size: 1073741824
Narrow klass base: 0x0000015051000000, Narrow klass shift: 0, Narrow klass range: 0x100000000

GC Precious Log:
 CardTable entry size: 512
 Card Set container configuration: InlinePtr #cards 4 size 8 Array Of Cards #cards 16 size 48 Howl #buckets 8 coarsen threshold 3686 Howl Bitmap #cards 512 size 80 coarsen threshold 460 Card regions per heap region 1 cards per card region 4096
 CPUs: 12 total, 12 available
 Memory: 16068M
 Large Page Support: Disabled
 NUMA Support: Disabled
 Compressed Oops: Enabled (Zero based)
 Heap Region Size: 2M
 Heap Min Capacity: 8M
 Heap Initial Capacity: 252M
 Heap Max Capacity: 4018M
 Pre-touch: Disabled
 Parallel Workers: 10
 Concurrent Workers: 3
 Concurrent Refinement Workers: 10
 Periodic GC: Disabled

Heap:
 garbage-first heap   total 258048K, used 42013K [0x0000000704e00000, 0x0000000800000000)
  region size 2048K, 16 young (32768K), 1 survivors (2048K)
 Metaspace       used 17419K, committed 17792K, reserved 1114112K
  class space    used 2519K, committed 2688K, reserved 1048576K

Heap Regions: E=young(eden), S=young(survivor), O=old, HS=humongous(starts), HC=humongous(continues), CS=collection set, F=free, TAMS=top-at-mark-start, PB=parsable bottom
|   0|0x0000000704e00000, 0x0000000705000000, 0x0000000705000000|100%| O|  |TAMS 0x0000000704e00000| PB 0x0000000704e00000| Untracked 
|   1|0x0000000705000000, 0x0000000705200000, 0x0000000705200000|100%| O|  |TAMS 0x0000000705000000| PB 0x0000000705000000| Untracked 
|   2|0x0000000705200000, 0x0000000705400000, 0x0000000705400000|100%| O|  |TAMS 0x0000000705200000| PB 0x0000000705200000| Untracked 
|   3|0x0000000705400000, 0x0000000705600000, 0x0000000705600000|100%|HS|  |TAMS 0x0000000705400000| PB 0x0000000705400000| Complete 
|   4|0x0000000705600000, 0x0000000705800000, 0x0000000705800000|100%| O|  |TAMS 0x0000000705600000| PB 0x0000000705600000| Untracked 
|   5|0x0000000705800000, 0x000000070592ecf8, 0x0000000705a00000| 59%| O|  |TAMS 0x0000000705800000| PB 0x0000000705800000| Untracked 
|   6|0x0000000705a00000, 0x0000000705a00000, 0x0000000705c00000|  0%| F|  |TAMS 0x0000000705a00000| PB 0x0000000705a00000| Untracked 
|   7|0x0000000705c00000, 0x0000000705c00000, 0x0000000705e00000|  0%| F|  |TAMS 0x0000000705c00000| PB 0x0000000705c00000| Untracked 
|   8|0x0000000705e00000, 0x0000000705e00000, 0x0000000706000000|  0%| F|  |TAMS 0x0000000705e00000| PB 0x0000000705e00000| Untracked 
|   9|0x0000000706000000, 0x0000000706000000, 0x0000000706200000|  0%| F|  |TAMS 0x0000000706000000| PB 0x0000000706000000| Untracked 
|  10|0x0000000706200000, 0x0000000706200000, 0x0000000706400000|  0%| F|  |TAMS 0x0000000706200000| PB 0x0000000706200000| Untracked 
|  11|0x0000000706400000, 0x0000000706400000, 0x0000000706600000|  0%| F|  |TAMS 0x0000000706400000| PB 0x0000000706400000| Untracked 
|  12|0x0000000706600000, 0x0000000706600000, 0x0000000706800000|  0%| F|  |TAMS 0x0000000706600000| PB 0x0000000706600000| Untracked 
|  13|0x0000000706800000, 0x0000000706800000, 0x0000000706a00000|  0%| F|  |TAMS 0x0000000706800000| PB 0x0000000706800000| Untracked 
|  14|0x0000000706a00000, 0x0000000706a00000, 0x0000000706c00000|  0%| F|  |TAMS 0x0000000706a00000| PB 0x0000000706a00000| Untracked 
|  15|0x0000000706c00000, 0x0000000706c00000, 0x0000000706e00000|  0%| F|  |TAMS 0x0000000706c00000| PB 0x0000000706c00000| Untracked 
|  16|0x0000000706e00000, 0x0000000706e00000, 0x0000000707000000|  0%| F|  |TAMS 0x0000000706e00000| PB 0x0000000706e00000| Untracked 
|  17|0x0000000707000000, 0x0000000707000000, 0x0000000707200000|  0%| F|  |TAMS 0x0000000707000000| PB 0x0000000707000000| Untracked 
|  18|0x0000000707200000, 0x0000000707200000, 0x0000000707400000|  0%| F|  |TAMS 0x0000000707200000| PB 0x0000000707200000| Untracked 
|  19|0x0000000707400000, 0x0000000707400000, 0x0000000707600000|  0%| F|  |TAMS 0x0000000707400000| PB 0x0000000707400000| Untracked 
|  20|0x0000000707600000, 0x0000000707600000, 0x0000000707800000|  0%| F|  |TAMS 0x0000000707600000| PB 0x0000000707600000| Untracked 
|  21|0x0000000707800000, 0x0000000707800000, 0x0000000707a00000|  0%| F|  |TAMS 0x0000000707800000| PB 0x0000000707800000| Untracked 
|  22|0x0000000707a00000, 0x0000000707a00000, 0x0000000707c00000|  0%| F|  |TAMS 0x0000000707a00000| PB 0x0000000707a00000| Untracked 
|  23|0x0000000707c00000, 0x0000000707c00000, 0x0000000707e00000|  0%| F|  |TAMS 0x0000000707c00000| PB 0x0000000707c00000| Untracked 
|  24|0x0000000707e00000, 0x0000000707e00000, 0x0000000708000000|  0%| F|  |TAMS 0x0000000707e00000| PB 0x0000000707e00000| Untracked 
|  25|0x0000000708000000, 0x0000000708000000, 0x0000000708200000|  0%| F|  |TAMS 0x0000000708000000| PB 0x0000000708000000| Untracked 
|  26|0x0000000708200000, 0x0000000708200000, 0x0000000708400000|  0%| F|  |TAMS 0x0000000708200000| PB 0x0000000708200000| Untracked 
|  27|0x0000000708400000, 0x0000000708400000, 0x0000000708600000|  0%| F|  |TAMS 0x0000000708400000| PB 0x0000000708400000| Untracked 
|  28|0x0000000708600000, 0x0000000708600000, 0x0000000708800000|  0%| F|  |TAMS 0x0000000708600000| PB 0x0000000708600000| Untracked 
|  29|0x0000000708800000, 0x0000000708800000, 0x0000000708a00000|  0%| F|  |TAMS 0x0000000708800000| PB 0x0000000708800000| Untracked 
|  30|0x0000000708a00000, 0x0000000708a00000, 0x0000000708c00000|  0%| F|  |TAMS 0x0000000708a00000| PB 0x0000000708a00000| Untracked 
|  31|0x0000000708c00000, 0x0000000708c00000, 0x0000000708e00000|  0%| F|  |TAMS 0x0000000708c00000| PB 0x0000000708c00000| Untracked 
|  32|0x0000000708e00000, 0x0000000708e00000, 0x0000000709000000|  0%| F|  |TAMS 0x0000000708e00000| PB 0x0000000708e00000| Untracked 
|  33|0x0000000709000000, 0x0000000709000000, 0x0000000709200000|  0%| F|  |TAMS 0x0000000709000000| PB 0x0000000709000000| Untracked 
|  34|0x0000000709200000, 0x0000000709200000, 0x0000000709400000|  0%| F|  |TAMS 0x0000000709200000| PB 0x0000000709200000| Untracked 
|  35|0x0000000709400000, 0x0000000709400000, 0x0000000709600000|  0%| F|  |TAMS 0x0000000709400000| PB 0x0000000709400000| Untracked 
|  36|0x0000000709600000, 0x0000000709600000, 0x0000000709800000|  0%| F|  |TAMS 0x0000000709600000| PB 0x0000000709600000| Untracked 
|  37|0x0000000709800000, 0x0000000709800000, 0x0000000709a00000|  0%| F|  |TAMS 0x0000000709800000| PB 0x0000000709800000| Untracked 
|  38|0x0000000709a00000, 0x0000000709a00000, 0x0000000709c00000|  0%| F|  |TAMS 0x0000000709a00000| PB 0x0000000709a00000| Untracked 
|  39|0x0000000709c00000, 0x0000000709c00000, 0x0000000709e00000|  0%| F|  |TAMS 0x0000000709c00000| PB 0x0000000709c00000| Untracked 
|  40|0x0000000709e00000, 0x0000000709e00000, 0x000000070a000000|  0%| F|  |TAMS 0x0000000709e00000| PB 0x0000000709e00000| Untracked 
|  41|0x000000070a000000, 0x000000070a000000, 0x000000070a200000|  0%| F|  |TAMS 0x000000070a000000| PB 0x000000070a000000| Untracked 
|  42|0x000000070a200000, 0x000000070a200000, 0x000000070a400000|  0%| F|  |TAMS 0x000000070a200000| PB 0x000000070a200000| Untracked 
|  43|0x000000070a400000, 0x000000070a400000, 0x000000070a600000|  0%| F|  |TAMS 0x000000070a400000| PB 0x000000070a400000| Untracked 
|  44|0x000000070a600000, 0x000000070a600000, 0x000000070a800000|  0%| F|  |TAMS 0x000000070a600000| PB 0x000000070a600000| Untracked 
|  45|0x000000070a800000, 0x000000070a800000, 0x000000070aa00000|  0%| F|  |TAMS 0x000000070a800000| PB 0x000000070a800000| Untracked 
|  46|0x000000070aa00000, 0x000000070aa00000, 0x000000070ac00000|  0%| F|  |TAMS 0x000000070aa00000| PB 0x000000070aa00000| Untracked 
|  47|0x000000070ac00000, 0x000000070ac00000, 0x000000070ae00000|  0%| F|  |TAMS 0x000000070ac00000| PB 0x000000070ac00000| Untracked 
|  48|0x000000070ae00000, 0x000000070ae00000, 0x000000070b000000|  0%| F|  |TAMS 0x000000070ae00000| PB 0x000000070ae00000| Untracked 
|  49|0x000000070b000000, 0x000000070b000000, 0x000000070b200000|  0%| F|  |TAMS 0x000000070b000000| PB 0x000000070b000000| Untracked 
|  50|0x000000070b200000, 0x000000070b200000, 0x000000070b400000|  0%| F|  |TAMS 0x000000070b200000| PB 0x000000070b200000| Untracked 
|  51|0x000000070b400000, 0x000000070b400000, 0x000000070b600000|  0%| F|  |TAMS 0x000000070b400000| PB 0x000000070b400000| Untracked 
|  52|0x000000070b600000, 0x000000070b600000, 0x000000070b800000|  0%| F|  |TAMS 0x000000070b600000| PB 0x000000070b600000| Untracked 
|  53|0x000000070b800000, 0x000000070b800000, 0x000000070ba00000|  0%| F|  |TAMS 0x000000070b800000| PB 0x000000070b800000| Untracked 
|  54|0x000000070ba00000, 0x000000070ba00000, 0x000000070bc00000|  0%| F|  |TAMS 0x000000070ba00000| PB 0x000000070ba00000| Untracked 
|  55|0x000000070bc00000, 0x000000070bc00000, 0x000000070be00000|  0%| F|  |TAMS 0x000000070bc00000| PB 0x000000070bc00000| Untracked 
|  56|0x000000070be00000, 0x000000070be00000, 0x000000070c000000|  0%| F|  |TAMS 0x000000070be00000| PB 0x000000070be00000| Untracked 
|  57|0x000000070c000000, 0x000000070c000000, 0x000000070c200000|  0%| F|  |TAMS 0x000000070c000000| PB 0x000000070c000000| Untracked 
|  58|0x000000070c200000, 0x000000070c200000, 0x000000070c400000|  0%| F|  |TAMS 0x000000070c200000| PB 0x000000070c200000| Untracked 
|  59|0x000000070c400000, 0x000000070c400000, 0x000000070c600000|  0%| F|  |TAMS 0x000000070c400000| PB 0x000000070c400000| Untracked 
|  60|0x000000070c600000, 0x000000070c600000, 0x000000070c800000|  0%| F|  |TAMS 0x000000070c600000| PB 0x000000070c600000| Untracked 
|  61|0x000000070c800000, 0x000000070c800000, 0x000000070ca00000|  0%| F|  |TAMS 0x000000070c800000| PB 0x000000070c800000| Untracked 
|  62|0x000000070ca00000, 0x000000070ca00000, 0x000000070cc00000|  0%| F|  |TAMS 0x000000070ca00000| PB 0x000000070ca00000| Untracked 
|  63|0x000000070cc00000, 0x000000070cc00000, 0x000000070ce00000|  0%| F|  |TAMS 0x000000070cc00000| PB 0x000000070cc00000| Untracked 
|  64|0x000000070ce00000, 0x000000070ce00000, 0x000000070d000000|  0%| F|  |TAMS 0x000000070ce00000| PB 0x000000070ce00000| Untracked 
|  65|0x000000070d000000, 0x000000070d000000, 0x000000070d200000|  0%| F|  |TAMS 0x000000070d000000| PB 0x000000070d000000| Untracked 
|  66|0x000000070d200000, 0x000000070d200000, 0x000000070d400000|  0%| F|  |TAMS 0x000000070d200000| PB 0x000000070d200000| Untracked 
|  67|0x000000070d400000, 0x000000070d400000, 0x000000070d600000|  0%| F|  |TAMS 0x000000070d400000| PB 0x000000070d400000| Untracked 
|  68|0x000000070d600000, 0x000000070d600000, 0x000000070d800000|  0%| F|  |TAMS 0x000000070d600000| PB 0x000000070d600000| Untracked 
|  69|0x000000070d800000, 0x000000070d800000, 0x000000070da00000|  0%| F|  |TAMS 0x000000070d800000| PB 0x000000070d800000| Untracked 
|  70|0x000000070da00000, 0x000000070da00000, 0x000000070dc00000|  0%| F|  |TAMS 0x000000070da00000| PB 0x000000070da00000| Untracked 
|  71|0x000000070dc00000, 0x000000070dc00000, 0x000000070de00000|  0%| F|  |TAMS 0x000000070dc00000| PB 0x000000070dc00000| Untracked 
|  72|0x000000070de00000, 0x000000070de00000, 0x000000070e000000|  0%| F|  |TAMS 0x000000070de00000| PB 0x000000070de00000| Untracked 
|  73|0x000000070e000000, 0x000000070e000000, 0x000000070e200000|  0%| F|  |TAMS 0x000000070e000000| PB 0x000000070e000000| Untracked 
|  74|0x000000070e200000, 0x000000070e200000, 0x000000070e400000|  0%| F|  |TAMS 0x000000070e200000| PB 0x000000070e200000| Untracked 
|  75|0x000000070e400000, 0x000000070e400000, 0x000000070e600000|  0%| F|  |TAMS 0x000000070e400000| PB 0x000000070e400000| Untracked 
|  76|0x000000070e600000, 0x000000070e600000, 0x000000070e800000|  0%| F|  |TAMS 0x000000070e600000| PB 0x000000070e600000| Untracked 
|  77|0x000000070e800000, 0x000000070e800000, 0x000000070ea00000|  0%| F|  |TAMS 0x000000070e800000| PB 0x000000070e800000| Untracked 
|  78|0x000000070ea00000, 0x000000070ea00000, 0x000000070ec00000|  0%| F|  |TAMS 0x000000070ea00000| PB 0x000000070ea00000| Untracked 
|  79|0x000000070ec00000, 0x000000070ec00000, 0x000000070ee00000|  0%| F|  |TAMS 0x000000070ec00000| PB 0x000000070ec00000| Untracked 
|  80|0x000000070ee00000, 0x000000070ee00000, 0x000000070f000000|  0%| F|  |TAMS 0x000000070ee00000| PB 0x000000070ee00000| Untracked 
|  81|0x000000070f000000, 0x000000070f000000, 0x000000070f200000|  0%| F|  |TAMS 0x000000070f000000| PB 0x000000070f000000| Untracked 
|  82|0x000000070f200000, 0x000000070f200000, 0x000000070f400000|  0%| F|  |TAMS 0x000000070f200000| PB 0x000000070f200000| Untracked 
|  83|0x000000070f400000, 0x000000070f400000, 0x000000070f600000|  0%| F|  |TAMS 0x000000070f400000| PB 0x000000070f400000| Untracked 
|  84|0x000000070f600000, 0x000000070f600000, 0x000000070f800000|  0%| F|  |TAMS 0x000000070f600000| PB 0x000000070f600000| Untracked 
|  85|0x000000070f800000, 0x000000070f800000, 0x000000070fa00000|  0%| F|  |TAMS 0x000000070f800000| PB 0x000000070f800000| Untracked 
|  86|0x000000070fa00000, 0x000000070fa00000, 0x000000070fc00000|  0%| F|  |TAMS 0x000000070fa00000| PB 0x000000070fa00000| Untracked 
|  87|0x000000070fc00000, 0x000000070fc00000, 0x000000070fe00000|  0%| F|  |TAMS 0x000000070fc00000| PB 0x000000070fc00000| Untracked 
|  88|0x000000070fe00000, 0x000000070fe00000, 0x0000000710000000|  0%| F|  |TAMS 0x000000070fe00000| PB 0x000000070fe00000| Untracked 
|  89|0x0000000710000000, 0x0000000710000000, 0x0000000710200000|  0%| F|  |TAMS 0x0000000710000000| PB 0x0000000710000000| Untracked 
|  90|0x0000000710200000, 0x0000000710200000, 0x0000000710400000|  0%| F|  |TAMS 0x0000000710200000| PB 0x0000000710200000| Untracked 
|  91|0x0000000710400000, 0x0000000710400000, 0x0000000710600000|  0%| F|  |TAMS 0x0000000710400000| PB 0x0000000710400000| Untracked 
|  92|0x0000000710600000, 0x0000000710600000, 0x0000000710800000|  0%| F|  |TAMS 0x0000000710600000| PB 0x0000000710600000| Untracked 
|  93|0x0000000710800000, 0x00000007109d8760, 0x0000000710a00000| 92%| S|CS|TAMS 0x0000000710800000| PB 0x0000000710800000| Complete 
|  94|0x0000000710a00000, 0x0000000710a00000, 0x0000000710c00000|  0%| F|  |TAMS 0x0000000710a00000| PB 0x0000000710a00000| Untracked 
|  95|0x0000000710c00000, 0x0000000710c00000, 0x0000000710e00000|  0%| F|  |TAMS 0x0000000710c00000| PB 0x0000000710c00000| Untracked 
|  96|0x0000000710e00000, 0x0000000710e00000, 0x0000000711000000|  0%| F|  |TAMS 0x0000000710e00000| PB 0x0000000710e00000| Untracked 
|  97|0x0000000711000000, 0x0000000711000000, 0x0000000711200000|  0%| F|  |TAMS 0x0000000711000000| PB 0x0000000711000000| Untracked 
|  98|0x0000000711200000, 0x0000000711200000, 0x0000000711400000|  0%| F|  |TAMS 0x0000000711200000| PB 0x0000000711200000| Untracked 
|  99|0x0000000711400000, 0x0000000711400000, 0x0000000711600000|  0%| F|  |TAMS 0x0000000711400000| PB 0x0000000711400000| Untracked 
| 100|0x0000000711600000, 0x0000000711600000, 0x0000000711800000|  0%| F|  |TAMS 0x0000000711600000| PB 0x0000000711600000| Untracked 
| 101|0x0000000711800000, 0x0000000711800000, 0x0000000711a00000|  0%| F|  |TAMS 0x0000000711800000| PB 0x0000000711800000| Untracked 
| 102|0x0000000711a00000, 0x0000000711a00000, 0x0000000711c00000|  0%| F|  |TAMS 0x0000000711a00000| PB 0x0000000711a00000| Untracked 
| 103|0x0000000711c00000, 0x0000000711c00000, 0x0000000711e00000|  0%| F|  |TAMS 0x0000000711c00000| PB 0x0000000711c00000| Untracked 
| 104|0x0000000711e00000, 0x0000000711e00000, 0x0000000712000000|  0%| F|  |TAMS 0x0000000711e00000| PB 0x0000000711e00000| Untracked 
| 105|0x0000000712000000, 0x0000000712000000, 0x0000000712200000|  0%| F|  |TAMS 0x0000000712000000| PB 0x0000000712000000| Untracked 
| 106|0x0000000712200000, 0x0000000712200000, 0x0000000712400000|  0%| F|  |TAMS 0x0000000712200000| PB 0x0000000712200000| Untracked 
| 107|0x0000000712400000, 0x0000000712400000, 0x0000000712600000|  0%| F|  |TAMS 0x0000000712400000| PB 0x0000000712400000| Untracked 
| 108|0x0000000712600000, 0x0000000712600000, 0x0000000712800000|  0%| F|  |TAMS 0x0000000712600000| PB 0x0000000712600000| Untracked 
| 109|0x0000000712800000, 0x0000000712800000, 0x0000000712a00000|  0%| F|  |TAMS 0x0000000712800000| PB 0x0000000712800000| Untracked 
| 110|0x0000000712a00000, 0x0000000712a00000, 0x0000000712c00000|  0%| F|  |TAMS 0x0000000712a00000| PB 0x0000000712a00000| Untracked 
| 111|0x0000000712c00000, 0x0000000712de14e8, 0x0000000712e00000| 94%| E|  |TAMS 0x0000000712c00000| PB 0x0000000712c00000| Complete 
| 112|0x0000000712e00000, 0x0000000713000000, 0x0000000713000000|100%| E|CS|TAMS 0x0000000712e00000| PB 0x0000000712e00000| Complete 
| 113|0x0000000713000000, 0x0000000713200000, 0x0000000713200000|100%| E|CS|TAMS 0x0000000713000000| PB 0x0000000713000000| Complete 
| 114|0x0000000713200000, 0x0000000713400000, 0x0000000713400000|100%| E|CS|TAMS 0x0000000713200000| PB 0x0000000713200000| Complete 
| 115|0x0000000713400000, 0x0000000713600000, 0x0000000713600000|100%| E|CS|TAMS 0x0000000713400000| PB 0x0000000713400000| Complete 
| 116|0x0000000713600000, 0x0000000713800000, 0x0000000713800000|100%| E|CS|TAMS 0x0000000713600000| PB 0x0000000713600000| Complete 
| 117|0x0000000713800000, 0x0000000713a00000, 0x0000000713a00000|100%| E|CS|TAMS 0x0000000713800000| PB 0x0000000713800000| Complete 
| 118|0x0000000713a00000, 0x0000000713c00000, 0x0000000713c00000|100%| E|CS|TAMS 0x0000000713a00000| PB 0x0000000713a00000| Complete 
| 119|0x0000000713c00000, 0x0000000713e00000, 0x0000000713e00000|100%| E|CS|TAMS 0x0000000713c00000| PB 0x0000000713c00000| Complete 
| 120|0x0000000713e00000, 0x0000000714000000, 0x0000000714000000|100%| E|CS|TAMS 0x0000000713e00000| PB 0x0000000713e00000| Complete 
| 121|0x0000000714000000, 0x0000000714200000, 0x0000000714200000|100%| E|CS|TAMS 0x0000000714000000| PB 0x0000000714000000| Complete 
| 122|0x0000000714200000, 0x0000000714400000, 0x0000000714400000|100%| E|CS|TAMS 0x0000000714200000| PB 0x0000000714200000| Complete 
| 123|0x0000000714400000, 0x0000000714600000, 0x0000000714600000|100%| E|CS|TAMS 0x0000000714400000| PB 0x0000000714400000| Complete 
| 124|0x0000000714600000, 0x0000000714800000, 0x0000000714800000|100%| E|CS|TAMS 0x0000000714600000| PB 0x0000000714600000| Complete 
| 125|0x0000000714800000, 0x0000000714a00000, 0x0000000714a00000|100%| E|CS|TAMS 0x0000000714800000| PB 0x0000000714800000| Complete 

Card table byte_map: [0x00000150497d0000,0x0000015049fb0000] _byte_map_base: 0x0000015045fa9000

Marking Bits: (CMBitMap*) 0x00000150314105b0
 Bits: [0x0000015049fb0000, 0x000001504de78000)

Polling page: 0x000001502f1c0000

Metaspace:

Usage:
  Non-class:     14.55 MB used.
      Class:      2.46 MB used.
       Both:     17.01 MB used.

Virtual space:
  Non-class space:       64.00 MB reserved,      14.75 MB ( 23%) committed,  1 nodes.
      Class space:        1.00 GB reserved,       2.62 MB ( <1%) committed,  1 nodes.
             Both:        1.06 GB reserved,      17.38 MB (  2%) committed. 

Chunk freelists:
   Non-Class:  366.00 KB
       Class:  13.35 MB
        Both:  13.71 MB

MaxMetaspaceSize: unlimited
CompressedClassSpaceSize: 1.00 GB
Initial GC threshold: 21.00 MB
Current GC threshold: 21.00 MB
CDS: on
 - commit_granule_bytes: 65536.
 - commit_granule_words: 8192.
 - virtual_space_node_default_size: 8388608.
 - enlarge_chunks_in_place: 1.
 - use_allocation_guard: 0.


Internal statistics:

num_allocs_failed_limit: 0.
num_arena_births: 232.
num_arena_deaths: 0.
num_vsnodes_births: 2.
num_vsnodes_deaths: 0.
num_space_committed: 278.
num_space_uncommitted: 0.
num_chunks_returned_to_freelist: 0.
num_chunks_taken_from_freelist: 768.
num_chunk_merges: 0.
num_chunk_splits: 529.
num_chunks_enlarged: 409.
num_inconsistent_stats: 0.

CodeHeap 'non-profiled nmethods': size=120000Kb used=1492Kb max_used=1492Kb free=118507Kb
 bounds [0x0000015041560000, 0x00000150417d0000, 0x0000015048a90000]
CodeHeap 'profiled nmethods': size=120000Kb used=5744Kb max_used=5744Kb free=114256Kb
 bounds [0x0000015039a90000, 0x000001503a030000, 0x0000015040fc0000]
CodeHeap 'non-nmethods': size=5760Kb used=1911Kb max_used=1970Kb free=3848Kb
 bounds [0x0000015040fc0000, 0x0000015041230000, 0x0000015041560000]
 total_blobs=3827 nmethods=2978 adapters=753
 compilation: enabled
              stopped_count=0, restarted_count=0
 full_count=0

Compilation events (20 events):
Event: 29613.019 Thread 0x0000015050b15280 2969       3       java.lang.invoke.MethodHandleNatives$CallSiteContext::run (5 bytes)
Event: 29613.019 Thread 0x0000015050b15280 nmethod 2969 0x000001503a026d90 code [0x000001503a026f40, 0x000001503a027080]
Event: 29717.812 Thread 0x0000015050b15280 2970       3       jdk.internal.misc.VM::toThreadState (68 bytes)
Event: 29717.815 Thread 0x0000015050b15280 nmethod 2970 0x000001503a027110 code [0x000001503a027300, 0x000001503a027660]
Event: 29722.431 Thread 0x0000015050b10740 2971       4       sun.awt.AWTAutoShutdown::isReadyToShutdown (37 bytes)
Event: 29722.433 Thread 0x0000015050b10740 nmethod 2971 0x00000150416d4890 code [0x00000150416d4a40, 0x00000150416d4bc8]
Event: 29757.036 Thread 0x0000015050b15280 2972       3       sun.awt.AppContext::stopEventDispatchThreads (91 bytes)
Event: 29757.039 Thread 0x0000015050b15280 nmethod 2972 0x000001503a027710 code [0x000001503a027a80, 0x000001503a028e68]
Event: 30124.799 Thread 0x0000015050b15280 2973   !   3       java.awt.EventQueue::postEventPrivate (104 bytes)
Event: 30124.804 Thread 0x0000015050b15280 nmethod 2973 0x000001503a029590 code [0x000001503a0298e0, 0x000001503a02ac28]
Event: 61466.630 Thread 0x0000015050b15280 2974       3       java.util.concurrent.locks.AbstractQueuedSynchronizer$Node::setPrevRelaxed (12 bytes)
Event: 61466.631 Thread 0x0000015050b15280 nmethod 2974 0x000001503a02b290 code [0x000001503a02b420, 0x000001503a02b588]
Event: 61466.631 Thread 0x0000015050b15280 2975       3       java.util.concurrent.locks.AbstractQueuedSynchronizer::casTail (13 bytes)
Event: 61466.632 Thread 0x0000015050b15280 nmethod 2975 0x000001503a02b610 code [0x000001503a02b7a0, 0x000001503a02b918]
Event: 72043.256 Thread 0x0000015050b15280 2976       3       sun.awt.AWTAutoShutdown::isReadyToShutdown (37 bytes)
Event: 72043.264 Thread 0x0000015050b15280 nmethod 2976 0x000001503a02b990 code [0x000001503a02bb60, 0x000001503a02bec8]
Event: 107247.240 Thread 0x0000015050b10740 2977       4       java.util.HashSet::isEmpty (8 bytes)
Event: 107247.303 Thread 0x0000015050b10740 nmethod 2977 0x00000150416d4d90 code [0x00000150416d4f20, 0x00000150416d4fd0]
Event: 108273.711 Thread 0x0000015050b10740 2978       4       java.util.IdentityHashMap::isEmpty (13 bytes)
Event: 108273.723 Thread 0x0000015050b10740 nmethod 2978 0x00000150416d5090 code [0x00000150416d5220, 0x00000150416d52d0]

GC Heap History (6 events):
Event: 2.168 GC heap before
{Heap before GC invocations=0 (full 0):
 garbage-first heap   total 258048K, used 22528K [0x0000000704e00000, 0x0000000800000000)
  region size 2048K, 11 young (22528K), 0 survivors (0K)
 Metaspace       used 7422K, committed 7680K, reserved 1114112K
  class space    used 837K, committed 960K, reserved 1048576K
}
Event: 2.176 GC heap after
{Heap after GC invocations=1 (full 0):
 garbage-first heap   total 258048K, used 4228K [0x0000000704e00000, 0x0000000800000000)
  region size 2048K, 2 young (4096K), 2 survivors (4096K)
 Metaspace       used 7422K, committed 7680K, reserved 1114112K
  class space    used 837K, committed 960K, reserved 1048576K
}
Event: 4.328 GC heap before
{Heap before GC invocations=1 (full 0):
 garbage-first heap   total 258048K, used 32900K [0x0000000704e00000, 0x0000000800000000)
  region size 2048K, 17 young (34816K), 2 survivors (4096K)
 Metaspace       used 14076K, committed 14272K, reserved 1114112K
  class space    used 2079K, committed 2176K, reserved 1048576K
}
Event: 4.338 GC heap after
{Heap after GC invocations=2 (full 0):
 garbage-first heap   total 258048K, used 9481K [0x0000000704e00000, 0x0000000800000000)
  region size 2048K, 3 young (6144K), 3 survivors (6144K)
 Metaspace       used 14076K, committed 14272K, reserved 1114112K
  class space    used 2079K, committed 2176K, reserved 1048576K
}
Event: 29612.941 GC heap before
{Heap before GC invocations=2 (full 0):
 garbage-first heap   total 258048K, used 70921K [0x0000000704e00000, 0x0000000800000000)
  region size 2048K, 32 young (65536K), 3 survivors (6144K)
 Metaspace       used 17376K, committed 17664K, reserved 1114112K
  class space    used 2512K, committed 2624K, reserved 1048576K
}
Event: 29613.000 GC heap after
{Heap after GC invocations=3 (full 0):
 garbage-first heap   total 258048K, used 13341K [0x0000000704e00000, 0x0000000800000000)
  region size 2048K, 1 young (2048K), 1 survivors (2048K)
 Metaspace       used 17376K, committed 17664K, reserved 1114112K
  class space    used 2512K, committed 2624K, reserved 1048576K
}

Dll operation events (20 events):
Event: 1.260 Loaded shared library C:\Users\GAM0416\.openjfx\cache\23.0.2+3\amd64\api-ms-win-crt-heap-l1-1-0.dll
Event: 1.266 Loaded shared library C:\Users\GAM0416\.openjfx\cache\23.0.2+3\amd64\api-ms-win-crt-locale-l1-1-0.dll
Event: 1.274 Loaded shared library C:\Users\GAM0416\.openjfx\cache\23.0.2+3\amd64\api-ms-win-crt-math-l1-1-0.dll
Event: 1.278 Loaded shared library C:\Users\GAM0416\.openjfx\cache\23.0.2+3\amd64\api-ms-win-crt-multibyte-l1-1-0.dll
Event: 1.286 Loaded shared library C:\Users\GAM0416\.openjfx\cache\23.0.2+3\amd64\api-ms-win-crt-private-l1-1-0.dll
Event: 1.292 Loaded shared library C:\Users\GAM0416\.openjfx\cache\23.0.2+3\amd64\api-ms-win-crt-process-l1-1-0.dll
Event: 1.298 Loaded shared library C:\Users\GAM0416\.openjfx\cache\23.0.2+3\amd64\api-ms-win-crt-runtime-l1-1-0.dll
Event: 1.303 Loaded shared library C:\Users\GAM0416\.openjfx\cache\23.0.2+3\amd64\api-ms-win-crt-stdio-l1-1-0.dll
Event: 1.307 Loaded shared library C:\Users\GAM0416\.openjfx\cache\23.0.2+3\amd64\api-ms-win-crt-string-l1-1-0.dll
Event: 1.313 Loaded shared library C:\Users\GAM0416\.openjfx\cache\23.0.2+3\amd64\api-ms-win-crt-time-l1-1-0.dll
Event: 1.319 Loaded shared library C:\Users\GAM0416\.openjfx\cache\23.0.2+3\amd64\api-ms-win-crt-utility-l1-1-0.dll
Event: 1.342 Loaded shared library C:\Users\GAM0416\.openjfx\cache\23.0.2+3\amd64\ucrtbase.dll
Event: 1.349 Loaded shared library C:\Users\GAM0416\.openjfx\cache\23.0.2+3\amd64\vcruntime140.dll
Event: 1.354 Loaded shared library C:\Users\GAM0416\.openjfx\cache\23.0.2+3\amd64\vcruntime140_1.dll
Event: 1.369 Loaded shared library C:\Users\GAM0416\.openjfx\cache\23.0.2+3\amd64\msvcp140.dll
Event: 1.375 Loaded shared library C:\Users\GAM0416\.openjfx\cache\23.0.2+3\amd64\msvcp140_1.dll
Event: 1.387 Loaded shared library C:\Users\GAM0416\.openjfx\cache\23.0.2+3\amd64\msvcp140_2.dll
Event: 1.495 Loaded shared library C:\Users\GAM0416\.openjfx\cache\23.0.2+3\amd64\prism_d3d.dll
Event: 1.803 Loaded shared library C:\Users\GAM0416\.openjfx\cache\23.0.2+3\amd64\glass.dll
Event: 3.036 Loaded shared library C:\Users\GAM0416\.openjfx\cache\23.0.2+3\amd64\javafx_font.dll

Deoptimization events (20 events):
Event: 4.689 Thread 0x0000015096dc1110 Uncommon trap: trap_request=0xffffffc6 fr.pc=0x0000015041695178 relative=0x00000000000000b8
Event: 4.689 Thread 0x0000015096dc1110 Uncommon trap: reason=bimorphic_or_optimized_type_check action=maybe_recompile pc=0x0000015041695178 method=javafx.beans.property.DoublePropertyBase.get()D @ 23 c2
Event: 4.689 Thread 0x0000015096dc1110 DEOPT PACKING pc=0x0000015041695178 sp=0x0000000c909fdfa0
Event: 4.689 Thread 0x0000015096dc1110 DEOPT UNPACKING pc=0x00000150410146a2 sp=0x0000000c909fdf40 mode 2
Event: 4.689 Thread 0x0000015096dc1110 Uncommon trap: trap_request=0xffffffc6 fr.pc=0x0000015041695178 relative=0x00000000000000b8
Event: 4.689 Thread 0x0000015096dc1110 Uncommon trap: reason=bimorphic_or_optimized_type_check action=maybe_recompile pc=0x0000015041695178 method=javafx.beans.property.DoublePropertyBase.get()D @ 23 c2
Event: 4.689 Thread 0x0000015096dc1110 DEOPT PACKING pc=0x0000015041695178 sp=0x0000000c909fdae0
Event: 4.689 Thread 0x0000015096dc1110 DEOPT UNPACKING pc=0x00000150410146a2 sp=0x0000000c909fda80 mode 2
Event: 4.789 Thread 0x000001509636d0c0 Uncommon trap: trap_request=0xffffff45 fr.pc=0x0000015041629ae8 relative=0x0000000000000968
Event: 4.789 Thread 0x000001509636d0c0 Uncommon trap: reason=unstable_if action=reinterpret pc=0x0000015041629ae8 method=java.io.BufferedInputStream.implRead([BII)I @ 55 c2
Event: 4.789 Thread 0x000001509636d0c0 DEOPT PACKING pc=0x0000015041629ae8 sp=0x0000000c90bfda40
Event: 4.789 Thread 0x000001509636d0c0 DEOPT UNPACKING pc=0x00000150410146a2 sp=0x0000000c90bfda28 mode 2
Event: 4.916 Thread 0x000001509636d0c0 DEOPT PACKING pc=0x0000015039d1c4f5 sp=0x0000000c90bfd110
Event: 4.916 Thread 0x000001509636d0c0 DEOPT UNPACKING pc=0x0000015041014e42 sp=0x0000000c90bfc640 mode 0
Event: 9.516 Thread 0x000001509636d0c0 DEOPT PACKING pc=0x0000015039fe8114 sp=0x0000000c90bfedb0
Event: 9.516 Thread 0x000001509636d0c0 DEOPT UNPACKING pc=0x0000015041014e42 sp=0x0000000c90bfe2e8 mode 1
Event: 61465.441 Thread 0x00000150961a0c10 Uncommon trap: trap_request=0xffffff45 fr.pc=0x00000150416d4b40 relative=0x0000000000000100
Event: 61465.443 Thread 0x00000150961a0c10 Uncommon trap: reason=unstable_if action=reinterpret pc=0x00000150416d4b40 method=sun.awt.AWTAutoShutdown.isReadyToShutdown()Z @ 28 c2
Event: 61465.443 Thread 0x00000150961a0c10 DEOPT PACKING pc=0x00000150416d4b40 sp=0x0000000c905fe9c0
Event: 61465.447 Thread 0x00000150961a0c10 DEOPT UNPACKING pc=0x00000150410146a2 sp=0x0000000c905fe958 mode 2

Classes loaded (20 events):
Event: 20581.924 Loading class java/awt/geom/Rectangle2D done
Event: 20581.924 Loading class java/awt/Rectangle done
Event: 20582.942 Loading class sun/awt/AppContext$PostShutdownEventRunnable
Event: 20582.942 Loading class sun/awt/AppContext$PostShutdownEventRunnable done
Event: 20582.942 Loading class sun/awt/AWTAutoShutdown$1
Event: 20582.942 Loading class sun/awt/AWTAutoShutdown$1 done
Event: 61465.500 Loading class java/util/ArrayList$ListItr
Event: 61465.551 Loading class java/util/ArrayList$ListItr done
Event: 68720.495 Loading class java/awt/desktop/SystemSleepListener
Event: 68720.501 Loading class java/awt/desktop/SystemEventListener
Event: 68720.515 Loading class java/awt/desktop/SystemEventListener done
Event: 68720.515 Loading class java/awt/desktop/SystemSleepListener done
Event: 71933.658 Loading class java/awt/SystemColor
Event: 71933.797 Loading class java/awt/Color
Event: 71933.868 Loading class java/awt/Paint
Event: 71933.869 Loading class java/awt/Paint done
Event: 71933.875 Loading class java/awt/Color done
Event: 71933.876 Loading class java/awt/SystemColor done
Event: 71933.920 Loading class sun/awt/AWTAccessor$SystemColorAccessor
Event: 71933.928 Loading class sun/awt/AWTAccessor$SystemColorAccessor done

Classes unloaded (0 events):
No events

Classes redefined (0 events):
No events

Internal exceptions (20 events):
Event: 3.205 Thread 0x0000015096dc1110 Exception <a 'java/lang/NoSuchMethodError'{0x000000071383b0d0}: 'void java.lang.invoke.DirectMethodHandle$Holder.invokeStaticInit(java.lang.Object, java.lang.Object)'> (0x000000071383b0d0) 
thrown [s\src\hotspot\share\interpreter\linkResolver.cpp, line 773]
Event: 3.261 Thread 0x0000015096dc1110 Exception <a 'java/lang/NoSuchMethodError'{0x00000007138a6150}: 'void java.lang.invoke.DirectMethodHandle$Holder.invokeSpecial(java.lang.Object, java.lang.Object, java.lang.Object, java.lang.Object, java.lang.Object)'> (0x00000007138a6150) 
thrown [s\src\hotspot\share\interpreter\linkResolver.cpp, line 773]
Event: 3.445 Thread 0x0000015096dc1110 Implicit null exception at 0x00000150415c0e66 to 0x00000150415c0f0a
Event: 3.682 Thread 0x0000015096dc1110 Implicit null exception at 0x000001504162b69c to 0x000001504162b930
Event: 3.683 Thread 0x0000015096dc1110 Implicit null exception at 0x0000015041624c9c to 0x0000015041624f68
Event: 3.683 Thread 0x0000015096dc1110 Implicit null exception at 0x000001504162acbd to 0x000001504162ad45
Event: 4.018 Thread 0x0000015096dc1110 Exception <a 'java/lang/NoSuchMethodError'{0x0000000712c57860}: 'java.lang.Object java.lang.invoke.DirectMethodHandle$Holder.invokeInterface(java.lang.Object, java.lang.Object, java.lang.Object)'> (0x0000000712c57860) 
thrown [s\src\hotspot\share\interpreter\linkResolver.cpp, line 773]
Event: 4.019 Thread 0x0000015096dc1110 Exception <a 'java/lang/IncompatibleClassChangeError'{0x0000000712c5af28}: Found class java.lang.Object, but interface was expected> (0x0000000712c5af28) 
thrown [s\src\hotspot\share\interpreter\linkResolver.cpp, line 840]
Event: 4.548 Thread 0x0000015096dc1110 Exception <a 'java/lang/NoSuchMethodError'{0x00000007144781d0}: 'int java.lang.invoke.DirectMethodHandle$Holder.invokeSpecial(java.lang.Object, java.lang.Object, int)'> (0x00000007144781d0) 
thrown [s\src\hotspot\share\interpreter\linkResolver.cpp, line 773]
Event: 4.550 Thread 0x0000015096dc1110 Exception <a 'java/lang/NoSuchMethodError'{0x000000071447fa18}: 'int java.lang.invoke.DirectMethodHandle$Holder.invokeSpecial(java.lang.Object, java.lang.Object, java.lang.Object, int)'> (0x000000071447fa18) 
thrown [s\src\hotspot\share\interpreter\linkResolver.cpp, line 773]
Event: 4.552 Thread 0x0000015096dc1110 Exception <a 'java/lang/NoSuchMethodError'{0x0000000714491f60}: 'java.lang.Object java.lang.invoke.DirectMethodHandle$Holder.invokeStatic(java.lang.Object, java.lang.Object, java.lang.Object, java.lang.Object, int)'> (0x0000000714491f60) 
thrown [s\src\hotspot\share\interpreter\linkResolver.cpp, line 773]
Event: 4.553 Thread 0x0000015096dc1110 Exception <a 'java/lang/NoSuchMethodError'{0x000000071449a1d8}: 'int java.lang.invoke.DirectMethodHandle$Holder.invokeSpecial(java.lang.Object, java.lang.Object, java.lang.Object)'> (0x000000071449a1d8) 
thrown [s\src\hotspot\share\interpreter\linkResolver.cpp, line 773]
Event: 4.602 Thread 0x0000015096dc1110 Exception <a 'java/lang/NoSuchMethodError'{0x00000007144eb5e0}: 'java.lang.Object java.lang.invoke.DirectMethodHandle$Holder.newInvokeSpecial(java.lang.Object, java.lang.Object, int)'> (0x00000007144eb5e0) 
thrown [s\src\hotspot\share\interpreter\linkResolver.cpp, line 773]
Event: 4.751 Thread 0x000001509636d0c0 Exception <a 'java/lang/NoSuchMethodError'{0x0000000714215800}: 'int java.lang.invoke.DirectMethodHandle$Holder.invokeStaticInit(java.lang.Object, java.lang.Object)'> (0x0000000714215800) 
thrown [s\src\hotspot\share\interpreter\linkResolver.cpp, line 773]
Event: 4.765 Thread 0x0000015096dc1110 Exception <a 'java/lang/NoSuchMethodError'{0x0000000714285588}: 'long java.lang.invoke.DirectMethodHandle$Holder.invokeStatic(java.lang.Object, java.lang.Object, java.lang.Object)'> (0x0000000714285588) 
thrown [s\src\hotspot\share\interpreter\linkResolver.cpp, line 773]
Event: 4.765 Thread 0x0000015096dc1110 Exception <a 'java/lang/NoSuchMethodError'{0x0000000714288998}: 'long java.lang.invoke.DirectMethodHandle$Holder.invokeStaticInit(java.lang.Object, java.lang.Object, java.lang.Object)'> (0x0000000714288998) 
thrown [s\src\hotspot\share\interpreter\linkResolver.cpp, line 773]
Event: 4.769 Thread 0x0000015096dc1110 Exception <a 'java/lang/NoSuchMethodError'{0x000000071429d7c8}: 'java.lang.Object java.lang.invoke.DirectMethodHandle$Holder.newInvokeSpecial(java.lang.Object, java.lang.Object, long)'> (0x000000071429d7c8) 
thrown [s\src\hotspot\share\interpreter\linkResolver.cpp, line 773]
Event: 4.769 Thread 0x0000015096dc1110 Exception <a 'java/lang/NoSuchMethodError'{0x00000007142a1120}: 'java.lang.Object java.lang.invoke.Invokers$Holder.linkToTargetMethod(java.lang.Object, long, java.lang.Object)'> (0x00000007142a1120) 
thrown [s\src\hotspot\share\interpreter\linkResolver.cpp, line 773]
Event: 4.787 Thread 0x000001509636d0c0 Exception <a 'java/lang/NoSuchMethodError'{0x0000000714302330}: 'java.lang.Object java.lang.invoke.Invokers$Holder.invokeExact_MT(java.lang.Object, java.lang.Object, java.lang.Object, java.lang.Object, java.lang.Object)'> (0x0000000714302330) 
thrown [s\src\hotspot\share\interpreter\linkResolver.cpp, line 773]
Event: 9.446 Thread 0x0000015096dc1110 Exception <a 'java/lang/NoSuchMethodError'{0x0000000713e6aa20}: 'void java.lang.invoke.DirectMethodHandle$Holder.invokeVirtual(java.lang.Object, java.lang.Object)'> (0x0000000713e6aa20) 
thrown [s\src\hotspot\share\interpreter\linkResolver.cpp, line 773]

ZGC Phase Switch (0 events):
No events

VM Operations (20 events):
Event: 107788.787 Executing VM operation: RendezvousGCThreads
Event: 107788.787 Executing VM operation: RendezvousGCThreads done
Event: 108269.561 Executing VM operation: HandshakeAllThreads (HandshakeForDeflation)
Event: 108269.562 Executing VM operation: HandshakeAllThreads (HandshakeForDeflation) done
Event: 108269.562 Executing VM operation: RendezvousGCThreads
Event: 108269.562 Executing VM operation: RendezvousGCThreads done
Event: 108275.603 Executing VM operation: Cleanup
Event: 108275.603 Executing VM operation: Cleanup done
Event: 108329.687 Executing VM operation: HandshakeAllThreads (HandshakeForDeflation)
Event: 108329.688 Executing VM operation: HandshakeAllThreads (HandshakeForDeflation) done
Event: 108329.688 Executing VM operation: RendezvousGCThreads
Event: 108329.688 Executing VM operation: RendezvousGCThreads done
Event: 108449.968 Executing VM operation: HandshakeAllThreads (HandshakeForDeflation)
Event: 108449.968 Executing VM operation: HandshakeAllThreads (HandshakeForDeflation) done
Event: 108449.969 Executing VM operation: RendezvousGCThreads
Event: 108449.969 Executing VM operation: RendezvousGCThreads done
Event: 108690.422 Executing VM operation: HandshakeAllThreads (HandshakeForDeflation)
Event: 108690.422 Executing VM operation: HandshakeAllThreads (HandshakeForDeflation) done
Event: 108690.422 Executing VM operation: RendezvousGCThreads
Event: 108690.422 Executing VM operation: RendezvousGCThreads done

Memory protections (0 events):
No events

Nmethod flushes (0 events):
No events

Events (20 events):
Event: 108258.352 Thread 0x00000150961a0c10 Thread added: 0x0000015096dc2b50
Event: 108259.366 Thread 0x0000015096dc2b50 Thread exited: 0x0000015096dc2b50
Event: 108259.579 Thread 0x00000150961a0c10 Thread added: 0x0000015096dc3f00
Event: 108260.597 Thread 0x0000015096dc3f00 Thread exited: 0x0000015096dc3f00
Event: 108267.434 Thread 0x00000150961a0c10 Thread added: 0x0000015096dc2b50
Event: 108268.448 Thread 0x0000015096dc2b50 Thread exited: 0x0000015096dc2b50
Event: 108273.687 Thread 0x00000150961a0c10 Thread added: 0x0000015096dc2b50
Event: 108274.724 Thread 0x0000015096dc2b50 Thread exited: 0x0000015096dc2b50
Event: 108403.249 Thread 0x00000150961a0c10 Thread added: 0x0000015096dc1110
Event: 108405.261 Thread 0x0000015096dc1110 Thread exited: 0x0000015096dc1110
Event: 108415.054 Thread 0x00000150961a0c10 Thread added: 0x0000015096dc2b50
Event: 108416.068 Thread 0x0000015096dc2b50 Thread exited: 0x0000015096dc2b50
Event: 108417.843 Thread 0x00000150961a0c10 Thread added: 0x0000015096dc2b50
Event: 108419.786 Thread 0x0000015096dc2b50 Thread exited: 0x0000015096dc2b50
Event: 108419.865 Thread 0x00000150961a0c10 Thread added: 0x0000015096dc3870
Event: 108420.876 Thread 0x0000015096dc3870 Thread exited: 0x0000015096dc3870
Event: 108664.017 Thread 0x00000150961a0c10 Thread added: 0x0000015096dc3870
Event: 108665.116 Thread 0x0000015096dc3870 Thread exited: 0x0000015096dc3870
Event: 108740.418 Thread 0x00000150961a0c10 Thread added: 0x0000015096dc3870
Event: 108740.712 Thread 0x00000150961a0c10 Thread added: 0x0000015096dc2b50


Dynamic libraries:
0x00007ff64c340000 - 0x00007ff64c34e000 	C:\Program Files\BlueJ\jdk\bin\java.exe
0x00007ffa2b260000 - 0x00007ffa2b4c7000 	C:\windows\SYSTEM32\ntdll.dll
0x00007ffa29e50000 - 0x00007ffa29f19000 	C:\windows\System32\KERNEL32.DLL
0x00007ffa27b30000 - 0x00007ffa27f24000 	C:\windows\System32\KERNELBASE.dll
0x00007ffa28e70000 - 0x00007ffa28fbb000 	C:\windows\System32\ucrtbase.dll
0x00007ffa14700000 - 0x00007ffa14718000 	C:\Program Files\BlueJ\jdk\bin\jli.dll
0x00007ffa10280000 - 0x00007ffa1029e000 	C:\Program Files\BlueJ\jdk\bin\VCRUNTIME140.dll
0x00007ffa2afb0000 - 0x00007ffa2b175000 	C:\windows\System32\USER32.dll
0x00007ffa28fc0000 - 0x00007ffa28fe7000 	C:\windows\System32\win32u.dll
0x00007ffa09f20000 - 0x00007ffa0a1b3000 	C:\windows\WinSxS\amd64_microsoft.windows.common-controls_6595b64144ccf1df_6.0.26100.8115_none_3e075c82e3354f9c\COMCTL32.dll
0x00007ffa2ab70000 - 0x00007ffa2ac19000 	C:\windows\System32\msvcrt.dll
0x00007ffa2ab10000 - 0x00007ffa2ab3b000 	C:\windows\System32\GDI32.dll
0x00007ffa280a0000 - 0x00007ffa281ca000 	C:\windows\System32\gdi32full.dll
0x00007ffa27f30000 - 0x00007ffa27fd3000 	C:\windows\System32\msvcp_win.dll
0x00007ffa29980000 - 0x00007ffa299b2000 	C:\windows\System32\IMM32.DLL
0x00007ffa163c0000 - 0x00007ffa163cc000 	C:\Program Files\BlueJ\jdk\bin\vcruntime140_1.dll
0x00007ff996270000 - 0x00007ff9962fd000 	C:\Program Files\BlueJ\jdk\bin\msvcp140.dll
0x00007ff957100000 - 0x00007ff957e90000 	C:\Program Files\BlueJ\jdk\bin\server\jvm.dll
0x00007ffa2a640000 - 0x00007ffa2a6f6000 	C:\windows\System32\ADVAPI32.dll
0x00007ffa2a790000 - 0x00007ffa2a837000 	C:\windows\System32\sechost.dll
0x00007ffa29f90000 - 0x00007ffa2a0a8000 	C:\windows\System32\RPCRT4.dll
0x00007ffa2aa80000 - 0x00007ffa2ab00000 	C:\windows\System32\WS2_32.dll
0x00007ffa279b0000 - 0x00007ffa27a0e000 	C:\windows\SYSTEM32\POWRPROF.dll
0x00007ffa0c500000 - 0x00007ffa0c50b000 	C:\windows\SYSTEM32\VERSION.dll
0x00007ffa21310000 - 0x00007ffa21346000 	C:\windows\SYSTEM32\WINMM.dll
0x00007ffa27990000 - 0x00007ffa279a4000 	C:\windows\SYSTEM32\UMPDC.dll
0x00007ffa26750000 - 0x00007ffa2676b000 	C:\windows\SYSTEM32\kernel.appcore.dll
0x00007ffa16390000 - 0x00007ffa1639a000 	C:\Program Files\BlueJ\jdk\bin\jimage.dll
0x00007ffa25700000 - 0x00007ffa25942000 	C:\windows\SYSTEM32\DBGHELP.DLL
0x00007ffa2a1b0000 - 0x00007ffa2a532000 	C:\windows\System32\combase.dll
0x00007ffa2a920000 - 0x00007ffa2a9f7000 	C:\windows\System32\OLEAUT32.dll
0x00007ffa212d0000 - 0x00007ffa2130b000 	C:\windows\SYSTEM32\dbgcore.DLL
0x00007ffa28bb0000 - 0x00007ffa28c55000 	C:\windows\System32\bcryptPrimitives.dll
0x00007ff9e60b0000 - 0x00007ff9e60ec000 	C:\Program Files\BlueJ\jdk\bin\jdwp.dll
0x00007ffa01e60000 - 0x00007ffa01e7f000 	C:\Program Files\BlueJ\jdk\bin\java.dll
0x00007ffa29210000 - 0x00007ffa29976000 	C:\windows\System32\SHELL32.dll
0x00007ffa281d0000 - 0x00007ffa2833a000 	C:\windows\System32\wintypes.dll
0x00007ffa28340000 - 0x00007ffa28ba5000 	C:\windows\System32\windows.storage.dll
0x00007ffa2a540000 - 0x00007ffa2a637000 	C:\windows\System32\SHCORE.dll
0x00007ffa29f20000 - 0x00007ffa29f86000 	C:\windows\System32\shlwapi.dll
0x00007ffa27a50000 - 0x00007ffa27a79000 	C:\windows\SYSTEM32\profapi.dll
0x00007ff96c070000 - 0x00007ff96c147000 	C:\Program Files\BlueJ\jdk\bin\jsvml.dll
0x00007ffa033f0000 - 0x00007ffa033fb000 	C:\Program Files\BlueJ\jdk\bin\dt_shmem.dll
0x00007ffa14d90000 - 0x00007ffa14da0000 	C:\Program Files\BlueJ\jdk\bin\net.dll
0x00007ffa26770000 - 0x00007ffa2689d000 	C:\windows\SYSTEM32\WINHTTP.dll
0x00007ffa26dd0000 - 0x00007ffa26e3c000 	C:\windows\system32\mswsock.dll
0x00007ffa01ce0000 - 0x00007ffa01cf6000 	C:\Program Files\BlueJ\jdk\bin\nio.dll
0x00007ffa01c90000 - 0x00007ffa01ca8000 	C:\Program Files\BlueJ\jdk\bin\zip.dll
0x00007ff95c940000 - 0x00007ff95cace000 	C:\Program Files\BlueJ\jdk\bin\awt.dll
0x00007ffa24ad0000 - 0x00007ffa24b6f000 	C:\windows\SYSTEM32\apphelp.dll
0x00007ffa24e90000 - 0x00007ffa24f39000 	C:\windows\system32\uxtheme.dll
0x00007ffa28ff0000 - 0x00007ffa2914c000 	C:\windows\System32\MSCTF.dll
0x00007ffa2ac20000 - 0x00007ffa2adb7000 	C:\windows\System32\ole32.dll
0x00000150312d0000 - 0x00000150312d3000 	C:\Users\GAM0416\.openjfx\cache\23.0.2+3\amd64\api-ms-win-core-console-l1-1-0.dll
0x00000150312e0000 - 0x00000150312e3000 	C:\Users\GAM0416\.openjfx\cache\23.0.2+3\amd64\api-ms-win-core-console-l1-2-0.dll
0x00000150312f0000 - 0x00000150312f3000 	C:\Users\GAM0416\.openjfx\cache\23.0.2+3\amd64\api-ms-win-core-datetime-l1-1-0.dll
0x0000015031300000 - 0x0000015031303000 	C:\Users\GAM0416\.openjfx\cache\23.0.2+3\amd64\api-ms-win-core-debug-l1-1-0.dll
0x0000015031310000 - 0x0000015031313000 	C:\Users\GAM0416\.openjfx\cache\23.0.2+3\amd64\api-ms-win-core-errorhandling-l1-1-0.dll
0x0000015031320000 - 0x0000015031324000 	C:\Users\GAM0416\.openjfx\cache\23.0.2+3\amd64\api-ms-win-core-file-l1-1-0.dll
0x0000015031330000 - 0x0000015031333000 	C:\Users\GAM0416\.openjfx\cache\23.0.2+3\amd64\api-ms-win-core-file-l1-2-0.dll
0x0000015031340000 - 0x0000015031343000 	C:\Users\GAM0416\.openjfx\cache\23.0.2+3\amd64\api-ms-win-core-file-l2-1-0.dll
0x0000015031350000 - 0x0000015031353000 	C:\Users\GAM0416\.openjfx\cache\23.0.2+3\amd64\api-ms-win-core-handle-l1-1-0.dll
0x0000015031360000 - 0x0000015031363000 	C:\Users\GAM0416\.openjfx\cache\23.0.2+3\amd64\api-ms-win-core-heap-l1-1-0.dll
0x0000015050f40000 - 0x0000015050f43000 	C:\Users\GAM0416\.openjfx\cache\23.0.2+3\amd64\api-ms-win-core-interlocked-l1-1-0.dll
0x0000015050f50000 - 0x0000015050f53000 	C:\Users\GAM0416\.openjfx\cache\23.0.2+3\amd64\api-ms-win-core-libraryloader-l1-1-0.dll
0x0000015050f60000 - 0x0000015050f63000 	C:\Users\GAM0416\.openjfx\cache\23.0.2+3\amd64\api-ms-win-core-localization-l1-2-0.dll
0x0000015050f70000 - 0x0000015050f73000 	C:\Users\GAM0416\.openjfx\cache\23.0.2+3\amd64\api-ms-win-core-memory-l1-1-0.dll
0x0000015050f80000 - 0x0000015050f83000 	C:\Users\GAM0416\.openjfx\cache\23.0.2+3\amd64\api-ms-win-core-namedpipe-l1-1-0.dll
0x0000015050f90000 - 0x0000015050f93000 	C:\Users\GAM0416\.openjfx\cache\23.0.2+3\amd64\api-ms-win-core-processenvironment-l1-1-0.dll
0x0000015050fa0000 - 0x0000015050fa3000 	C:\Users\GAM0416\.openjfx\cache\23.0.2+3\amd64\api-ms-win-core-processthreads-l1-1-0.dll
0x0000015050fb0000 - 0x0000015050fb3000 	C:\Users\GAM0416\.openjfx\cache\23.0.2+3\amd64\api-ms-win-core-processthreads-l1-1-1.dll
0x0000015050fc0000 - 0x0000015050fc3000 	C:\Users\GAM0416\.openjfx\cache\23.0.2+3\amd64\api-ms-win-core-profile-l1-1-0.dll
0x0000015050fd0000 - 0x0000015050fd3000 	C:\Users\GAM0416\.openjfx\cache\23.0.2+3\amd64\api-ms-win-core-rtlsupport-l1-1-0.dll
0x0000015050fe0000 - 0x0000015050fe3000 	C:\Users\GAM0416\.openjfx\cache\23.0.2+3\amd64\api-ms-win-core-string-l1-1-0.dll
0x0000015050ff0000 - 0x0000015050ff3000 	C:\Users\GAM0416\.openjfx\cache\23.0.2+3\amd64\api-ms-win-core-synch-l1-1-0.dll
0x0000015096ab0000 - 0x0000015096ab3000 	C:\Users\GAM0416\.openjfx\cache\23.0.2+3\amd64\api-ms-win-core-synch-l1-2-0.dll
0x0000015096ac0000 - 0x0000015096ac3000 	C:\Users\GAM0416\.openjfx\cache\23.0.2+3\amd64\api-ms-win-core-sysinfo-l1-1-0.dll
0x0000015096ad0000 - 0x0000015096ad3000 	C:\Users\GAM0416\.openjfx\cache\23.0.2+3\amd64\api-ms-win-core-timezone-l1-1-0.dll
0x0000015096ae0000 - 0x0000015096ae3000 	C:\Users\GAM0416\.openjfx\cache\23.0.2+3\amd64\api-ms-win-core-util-l1-1-0.dll
0x0000015096af0000 - 0x0000015096af3000 	C:\Users\GAM0416\.openjfx\cache\23.0.2+3\amd64\api-ms-win-crt-conio-l1-1-0.dll
0x0000015096b00000 - 0x0000015096b04000 	C:\Users\GAM0416\.openjfx\cache\23.0.2+3\amd64\api-ms-win-crt-convert-l1-1-0.dll
0x0000015096b20000 - 0x0000015096b23000 	C:\Users\GAM0416\.openjfx\cache\23.0.2+3\amd64\api-ms-win-crt-environment-l1-1-0.dll
0x0000015096b30000 - 0x0000015096b33000 	C:\Users\GAM0416\.openjfx\cache\23.0.2+3\amd64\api-ms-win-crt-filesystem-l1-1-0.dll
0x0000015096b40000 - 0x0000015096b43000 	C:\Users\GAM0416\.openjfx\cache\23.0.2+3\amd64\api-ms-win-crt-heap-l1-1-0.dll
0x0000015096b50000 - 0x0000015096b53000 	C:\Users\GAM0416\.openjfx\cache\23.0.2+3\amd64\api-ms-win-crt-locale-l1-1-0.dll
0x0000015096b60000 - 0x0000015096b65000 	C:\Users\GAM0416\.openjfx\cache\23.0.2+3\amd64\api-ms-win-crt-math-l1-1-0.dll
0x0000015096b70000 - 0x0000015096b75000 	C:\Users\GAM0416\.openjfx\cache\23.0.2+3\amd64\api-ms-win-crt-multibyte-l1-1-0.dll
0x0000015096b80000 - 0x0000015096b90000 	C:\Users\GAM0416\.openjfx\cache\23.0.2+3\amd64\api-ms-win-crt-private-l1-1-0.dll
0x0000015096b90000 - 0x0000015096b93000 	C:\Users\GAM0416\.openjfx\cache\23.0.2+3\amd64\api-ms-win-crt-process-l1-1-0.dll
0x0000015096ba0000 - 0x0000015096ba4000 	C:\Users\GAM0416\.openjfx\cache\23.0.2+3\amd64\api-ms-win-crt-runtime-l1-1-0.dll
0x0000015096bb0000 - 0x0000015096bb4000 	C:\Users\GAM0416\.openjfx\cache\23.0.2+3\amd64\api-ms-win-crt-stdio-l1-1-0.dll
0x0000015096bc0000 - 0x0000015096bc4000 	C:\Users\GAM0416\.openjfx\cache\23.0.2+3\amd64\api-ms-win-crt-string-l1-1-0.dll
0x0000015096bd0000 - 0x0000015096bd3000 	C:\Users\GAM0416\.openjfx\cache\23.0.2+3\amd64\api-ms-win-crt-time-l1-1-0.dll
0x0000015096be0000 - 0x0000015096be3000 	C:\Users\GAM0416\.openjfx\cache\23.0.2+3\amd64\api-ms-win-crt-utility-l1-1-0.dll
0x00007ff95fc30000 - 0x00007ff95fd2c000 	C:\Users\GAM0416\.openjfx\cache\23.0.2+3\amd64\ucrtbase.dll
0x00007ffa00d20000 - 0x00007ffa00d3b000 	C:\Users\GAM0416\.openjfx\cache\23.0.2+3\amd64\vcruntime140.dll
0x00007ffa14cc0000 - 0x00007ffa14ccc000 	C:\Users\GAM0416\.openjfx\cache\23.0.2+3\amd64\vcruntime140_1.dll
0x00007ff995fb0000 - 0x00007ff99603e000 	C:\Users\GAM0416\.openjfx\cache\23.0.2+3\amd64\msvcp140.dll
0x00007ffa14890000 - 0x00007ffa14899000 	C:\Users\GAM0416\.openjfx\cache\23.0.2+3\amd64\msvcp140_1.dll
0x00007ff9e6800000 - 0x00007ff9e6841000 	C:\Users\GAM0416\.openjfx\cache\23.0.2+3\amd64\msvcp140_2.dll
0x00007ffa00c70000 - 0x00007ffa00ca0000 	C:\Users\GAM0416\.openjfx\cache\23.0.2+3\amd64\prism_d3d.dll
0x00007ff9ada90000 - 0x00007ff9adc42000 	C:\windows\system32\d3d9.dll
0x00007ffa25150000 - 0x00007ffa2517f000 	C:\windows\SYSTEM32\dwmapi.dll
0x00007ffa25100000 - 0x00007ffa25143000 	C:\windows\SYSTEM32\dxcore.dll
0x00007ffa276a0000 - 0x00007ffa276f1000 	C:\windows\SYSTEM32\CFGMGR32.dll
0x00007ffa21920000 - 0x00007ffa21981000 	C:\windows\SYSTEM32\directxdatabasehelper.dll
0x00007ff9e6220000 - 0x00007ff9e6265000 	C:\Users\GAM0416\.openjfx\cache\23.0.2+3\amd64\glass.dll
0x00007ffa2a0b0000 - 0x00007ffa2a19f000 	C:\windows\System32\COMDLG32.dll
0x00007ffa29150000 - 0x00007ffa291fe000 	C:\windows\System32\clbcatq.dll
0x00007ff9feac0000 - 0x00007ff9fec17000 	C:\Windows\System32\Windows.UI.dll
0x00007ff9fd730000 - 0x00007ff9fd87f000 	C:\Windows\System32\Windows.UI.Immersive.dll
0x00007ffa008f0000 - 0x00007ffa00905000 	C:\Users\GAM0416\.openjfx\cache\23.0.2+3\amd64\javafx_font.dll
0x00007ffa23ce0000 - 0x00007ffa23f47000 	C:\windows\SYSTEM32\dwrite.dll
0x00007ffa22d60000 - 0x00007ffa22f8e000 	C:\windows\SYSTEM32\WindowsCodecs.dll
0x00007ff9d8cb0000 - 0x00007ff9d8d0a000 	C:\windows\system32\dataexchange.dll
0x00007ffa16e60000 - 0x00007ffa170ad000 	C:\windows\system32\twinapi.appcore.dll
0x00007ff9fbe10000 - 0x00007ff9fbf58000 	C:\windows\SYSTEM32\textinputframework.dll
0x00007ffa247d0000 - 0x00007ffa248f7000 	C:\windows\SYSTEM32\CoreMessaging.dll
0x00007ffa20b90000 - 0x00007ffa20e72000 	C:\windows\SYSTEM32\CoreUIComponents.dll
0x00007ffa271b0000 - 0x00007ffa271bc000 	C:\windows\SYSTEM32\CRYPTBASE.DLL
0x00007ff9de560000 - 0x00007ff9de980000 	C:\windows\SYSTEM32\UIAutomationCore.DLL
0x00007ff9dcb00000 - 0x00007ff9dcb76000 	C:\windows\SYSTEM32\OLEACC.dll
0x00007ff9e6a00000 - 0x00007ff9e6a16000 	C:\Windows\System32\threadpoolwinrt.dll
0x00007ff9f3ff0000 - 0x00007ff9f40ff000 	C:\windows\system32\opengl32.dll
0x00007ff9f52f0000 - 0x00007ff9f531d000 	C:\windows\SYSTEM32\GLU32.dll

dbghelp: loaded successfully - version: 4.0.5 - missing functions: none
symbol engine: initialized successfully - sym options: 0x614 - pdb path: .;C:\Program Files\BlueJ\jdk\bin;C:\windows\SYSTEM32;C:\windows\WinSxS\amd64_microsoft.windows.common-controls_6595b64144ccf1df_6.0.26100.8115_none_3e075c82e3354f9c;C:\Program Files\BlueJ\jdk\bin\server;C:\Users\GAM0416\.openjfx\cache\23.0.2+3\amd64;C:\windows\System32\DriverStore\FileRepository\iigd_dch.inf_amd64_d71a22cbbfee3077

VM Arguments:
jvm_args: -ea -agentlib:jdwp=transport=dt_shmem,address=javadebug -Dfile.encoding=UTF-8 
java_command: bluej.runtime.ExecServer UTF-8
java_class_path (initial): C:\Program Files\BlueJ\lib\bluejcore.jar;C:\Program Files\BlueJ\lib\javafx-base-23.0.2-win.jar;C:\Program Files\BlueJ\lib\javafx-controls-23.0.2-win.jar;C:\Program Files\BlueJ\lib\javafx-fxml-23.0.2-win.jar;C:\Program Files\BlueJ\lib\javafx-graphics-23.0.2-win.jar;C:\Program Files\BlueJ\lib\javafx-media-23.0.2-win.jar;C:\Program Files\BlueJ\lib\javafx-swing-23.0.2-win.jar;C:\Program Files\BlueJ\lib\javafx-web-23.0.2-win.jar;C:\Program Files\BlueJ\lib\junit-4.12.jar;C:\Program Files\BlueJ\lib\junit-jupiter-5.5.2.jar;C:\Program Files\BlueJ\lib\junit-jupiter-api-5.5.2.jar;C:\Program Files\BlueJ\lib\junit-jupiter-engine-5.5.2.jar;C:\Program Files\BlueJ\lib\junit-jupiter-params-5.5.2.jar;C:\Program Files\BlueJ\lib\junit-platform-commons-1.5.2.jar;C:\Program Files\BlueJ\lib\junit-platform-engine-1.5.2.jar;C:\Program Files\BlueJ\lib\junit-platform-launcher-1.5.2.jar;C:\Program Files\BlueJ\lib\junit-platform-suite-api-1.5.2.jar;C:\Program Files\BlueJ\lib\junit-vintage-engine-5.5.2.jar;C:\Program Files\BlueJ\lib\hamcrest-core-1.3.jar;C:\Program Files\BlueJ\lib\opentest4j-1.2.0.jar;C:\Program Files\BlueJ\lib\lang-stride.jar;C:\Program Files\BlueJ\lib\javafx\javafx.base.jar;C:\Program Files\BlueJ\lib\javafx\javafx.controls.jar;C:\Program Files\BlueJ\lib\javafx\javafx.fxml.jar;C:\Program Files\BlueJ\lib\javafx\javafx.graphics.jar;C:\Program Files\BlueJ\lib\javafx\javafx.media.jar;C:\Program Files\BlueJ\lib\javafx\javafx.properties.jar;C:\Program Files\BlueJ\lib\javafx\javafx.swing.jar;C:\Program Files\BlueJ\lib\javafx\javafx.web.jar
Launcher Type: SUN_STANDARD

[Global flags]
     intx CICompilerCount                          = 4                                         {product} {ergonomic}
     uint ConcGCThreads                            = 3                                         {product} {ergonomic}
     uint G1ConcRefinementThreads                  = 10                                        {product} {ergonomic}
   size_t G1HeapRegionSize                         = 2097152                                   {product} {ergonomic}
    uintx GCDrainStackTargetSize                   = 64                                        {product} {ergonomic}
   size_t InitialHeapSize                          = 264241152                                 {product} {ergonomic}
   size_t MarkStackSize                            = 4194304                                   {product} {ergonomic}
   size_t MaxHeapSize                              = 4213178368                                {product} {ergonomic}
   size_t MaxNewSize                               = 2527068160                                {product} {ergonomic}
   size_t MinHeapDeltaBytes                        = 2097152                                   {product} {ergonomic}
   size_t MinHeapSize                              = 8388608                                   {product} {ergonomic}
    uintx NonNMethodCodeHeapSize                   = 5839372                                {pd product} {ergonomic}
    uintx NonProfiledCodeHeapSize                  = 122909434                              {pd product} {ergonomic}
    uintx ProfiledCodeHeapSize                     = 122909434                              {pd product} {ergonomic}
    uintx ReservedCodeCacheSize                    = 251658240                              {pd product} {ergonomic}
     bool SegmentedCodeCache                       = true                                      {product} {ergonomic}
   size_t SoftMaxHeapSize                          = 4213178368                             {manageable} {ergonomic}
     bool UseCompressedOops                        = true                           {product lp64_product} {ergonomic}
     bool UseG1GC                                  = true                                      {product} {ergonomic}
     bool UseLargePagesIndividualAllocation        = false                                  {pd product} {ergonomic}

Logging:
Log output configuration:
 #0: stdout all=warning uptime,level,tags foldmultilines=false
 #1: stderr all=off uptime,level,tags foldmultilines=false

Environment Variables:
JAVA_HOME=C:\Program Files (x86)\Amazon Corretto\jdk1.8.0_482
PATH=C:\Program Files (x86)\Amazon Corretto\jdk1.8.0_482\bin;C:\Program Files\Common Files\Oracle\Java\javapath;C:\windows\system32;C:\windows;C:\windows\System32\Wbem;C:\windows\System32\WindowsPowerShell\v1.0\;C:\windows\System32\OpenSSH\;C:\Program Files\dotnet\;C:\Users\GAM0416\AppData\Local\anaconda3;C:\Users\GAM0416\AppData\Local\anaconda3\Library\mingw-w64\bin;C:\Users\GAM0416\AppData\Local\anaconda3\Library\usr\bin;C:\Users\GAM0416\AppData\Local\anaconda3\Library\bin;C:\Users\GAM0416\AppData\Local\anaconda3\Scripts;C:\Users\GAM0416\AppData\Local\Microsoft\WindowsApps;C:\Users\GAM0416\AppData\Local\Programs\Microsoft VS Code\bin
USERNAME=GAM0416
OS=Windows_NT
PROCESSOR_IDENTIFIER=Intel64 Family 6 Model 186 Stepping 3, GenuineIntel
TMP=C:\Users\GAM0416\AppData\Local\Temp
TEMP=C:\Users\GAM0416\AppData\Local\Temp




Periodic native trim disabled

---------------  S Y S T E M  ---------------

OS:
 Windows 11 , 64 bit Build 26100 (10.0.26100.8115)
OS uptime: 5 days 12:30 hours
Hyper-V role detected

CPU: total 12 (initial active 12) (6 cores per cpu, 2 threads per core) family 6 model 186 stepping 3 microcode 0x6134, cx8, cmov, fxsr, ht, mmx, 3dnowpref, sse, sse2, sse3, ssse3, sse4.1, sse4.2, popcnt, lzcnt, tsc, tscinvbit, avx, avx2, aes, erms, clmul, bmi1, bmi2, adx, sha, fma, vzeroupper, clflush, clflushopt, clwb, hv, serialize, rdtscp, rdpid, fsrm, f16c, cet_ibt, cet_ss
Processor Information for processor 0
  Max Mhz: 1700, Current Mhz: 1700, Mhz Limit: 1700
Processor Information for processor 1
  Max Mhz: 1700, Current Mhz: 1700, Mhz Limit: 1700
Processor Information for processor 2
  Max Mhz: 1700, Current Mhz: 1700, Mhz Limit: 1700
Processor Information for processor 3
  Max Mhz: 1700, Current Mhz: 1700, Mhz Limit: 1700
Processor Information for processor 4
  Max Mhz: 1700, Current Mhz: 1558, Mhz Limit: 1700
Processor Information for processor 5
  Max Mhz: 1700, Current Mhz: 1700, Mhz Limit: 1700
Processor Information for processor 6
  Max Mhz: 1700, Current Mhz: 1700, Mhz Limit: 1700
Processor Information for processor 7
  Max Mhz: 1700, Current Mhz: 1700, Mhz Limit: 1700
Processor Information for processor 8
  Max Mhz: 1700, Current Mhz: 1700, Mhz Limit: 1700
Processor Information for processor 9
  Max Mhz: 1700, Current Mhz: 1700, Mhz Limit: 1700
Processor Information for processor 10
  Max Mhz: 1700, Current Mhz: 1700, Mhz Limit: 1700
Processor Information for processor 11
  Max Mhz: 1700, Current Mhz: 1700, Mhz Limit: 1700

Memory: 4k page, system-wide physical 16068M (1896M free)
TotalPageFile size 37572M (AvailPageFile size 6432M)
current process WorkingSet (physical memory assigned to process): 15M, peak: 245M
current process commit charge ("private bytes"): 383M, peak: 498M

vm_info: OpenJDK 64-Bit Server VM (21.0.6+7-LTS) for windows-amd64 JRE (21.0.6+7-LTS), built on 2025-01-21T00:00:00Z by "admin" with MS VC++ 17.7 (VS2022)

END.
